<?xml version="1.0" encoding="UTF-8"?>
<!-- Generated by org.testng.reporters.JUnitXMLReporter -->
<testsuite hostname="Paul" ignored="0" name="Default test" tests="3" failures="0" timestamp="12 Nov 2018 16:44:45 GMT" time="101.922" errors="0">
  <testcase name="testApplyFilter" time="10.802" classname="autoHero.testCases.SearchTest"/>
  <testcase name="testVerifyRegistrationYear" time="41.96" classname="autoHero.testCases.SearchTest"/>
  <testcase name="testVerifyOPriceOrder" time="39.833" classname="autoHero.testCases.SearchTest"/>
</testsuite> <!-- Default test -->
