<?xml version="1.0" encoding="UTF-8"?>
<!-- Generated by org.testng.reporters.JUnitXMLReporter -->
<testsuite hostname="Paul" ignored="0" name="Regression Test Suite" tests="2" failures="1" timestamp="12 Nov 2018 04:48:20 GMT" time="22.586" errors="0">
  <testcase name="@AfterTest aftertest" time="0.001" classname="test.testCases.SearchTest">
    <failure type="java.lang.NullPointerException">
      <![CDATA[java.lang.NullPointerException
at test.testCases.SearchTest.aftertest(SearchTest.java:111)
... Removed 24 stack frames]]>
    </failure>
  </testcase> <!-- @AfterTest aftertest -->
  <testcase name="testVerifyOPriceOrder" time="0.0" classname="test.testCases.SearchTest">
    <failure type="java.lang.NullPointerException">
      <![CDATA[java.lang.NullPointerException
at test.testCases.SearchTest.testVerifyOPriceOrder(SearchTest.java:98)
... Removed 25 stack frames]]>
    </failure>
  </testcase> <!-- testVerifyOPriceOrder -->
  <testcase name="testVerifyRegistrationYear" time="12.982" classname="test.testCases.SearchTest"/>
</testsuite> <!-- Regression Test Suite -->
