<?xml version="1.0" encoding="UTF-8"?>
<testng-results skipped="0" failed="0" ignored="0" total="3" passed="3">
  <reporter-output>
    <line>
      <![CDATA[beforeTest method]]>
    </line>
    <line>
      <![CDATA[Page Number :1 , Car Index : 1, Registration Year 2016 is greater than : 2015]]>
    </line>
    <line>
      <![CDATA[Page Number :1 , Car Index : 3, Registration Year 2017 is greater than : 2015]]>
    </line>
    <line>
      <![CDATA[Page Number :1 , Car Index : 4, Registration Year 2017 is greater than : 2015]]>
    </line>
    <line>
      <![CDATA[Page Number :1 , Car Index : 5, Registration Year 2016 is greater than : 2015]]>
    </line>
    <line>
      <![CDATA[Page Number :1 , Car Index : 6, Registration Year 2016 is greater than : 2015]]>
    </line>
    <line>
      <![CDATA[Page Number :1 , Car Index : 7, Registration Year 2017 is greater than : 2015]]>
    </line>
    <line>
      <![CDATA[Page Number :1 , Car Index : 8, Registration Year 2016 is greater than : 2015]]>
    </line>
    <line>
      <![CDATA[Page Number :1 , Car Index : 9, Registration Year 2017 is greater than : 2015]]>
    </line>
    <line>
      <![CDATA[Page Number :1 , Car Index : 10, Registration Year 2016 is greater than : 2015]]>
    </line>
    <line>
      <![CDATA[Page Number :1 , Car Index : 11, Registration Year 2018 is greater than : 2015]]>
    </line>
    <line>
      <![CDATA[Page Number :1 , Car Index : 12, Registration Year 2015 is greater than : 2015]]>
    </line>
    <line>
      <![CDATA[Page Number :1 , Car Index : 13, Registration Year 2016 is greater than : 2015]]>
    </line>
    <line>
      <![CDATA[Page Number :1 , Car Index : 14, Registration Year 2015 is greater than : 2015]]>
    </line>
    <line>
      <![CDATA[Page Number :1 , Car Index : 15, Registration Year 2016 is greater than : 2015]]>
    </line>
    <line>
      <![CDATA[Page Number :1 , Car Index : 16, Registration Year 2017 is greater than : 2015]]>
    </line>
    <line>
      <![CDATA[Page Number :1 , Car Index : 17, Registration Year 2015 is greater than : 2015]]>
    </line>
    <line>
      <![CDATA[Page Number :1 , Car Index : 18, Registration Year 2017 is greater than : 2015]]>
    </line>
    <line>
      <![CDATA[Page Number :1 , Car Index : 19, Registration Year 2017 is greater than : 2015]]>
    </line>
    <line>
      <![CDATA[Page Number :1 , Car Index : 20, Registration Year 2016 is greater than : 2015]]>
    </line>
    <line>
      <![CDATA[Page Number :1 , Car Index : 21, Registration Year 2016 is greater than : 2015]]>
    </line>
    <line>
      <![CDATA[Page Number :1 , Car Index : 22, Registration Year 2016 is greater than : 2015]]>
    </line>
    <line>
      <![CDATA[Page Number :1 , Car Index : 23, Registration Year 2017 is greater than : 2015]]>
    </line>
    <line>
      <![CDATA[Page Number :1 , Car Index : 24, Registration Year 2016 is greater than : 2015]]>
    </line>
    <line>
      <![CDATA[Page Number :2 , Car Index : 1, Registration Year 2015 is greater than : 2015]]>
    </line>
    <line>
      <![CDATA[Page Number :2 , Car Index : 3, Registration Year 2015 is greater than : 2015]]>
    </line>
    <line>
      <![CDATA[Page Number :2 , Car Index : 4, Registration Year 2017 is greater than : 2015]]>
    </line>
    <line>
      <![CDATA[Page Number :2 , Car Index : 5, Registration Year 2015 is greater than : 2015]]>
    </line>
    <line>
      <![CDATA[Page Number :2 , Car Index : 6, Registration Year 2015 is greater than : 2015]]>
    </line>
    <line>
      <![CDATA[Page Number :2 , Car Index : 7, Registration Year 2016 is greater than : 2015]]>
    </line>
    <line>
      <![CDATA[Page Number :2 , Car Index : 8, Registration Year 2016 is greater than : 2015]]>
    </line>
    <line>
      <![CDATA[Page Number :2 , Car Index : 9, Registration Year 2015 is greater than : 2015]]>
    </line>
    <line>
      <![CDATA[Page Number :2 , Car Index : 10, Registration Year 2018 is greater than : 2015]]>
    </line>
    <line>
      <![CDATA[Page Number :2 , Car Index : 11, Registration Year 2017 is greater than : 2015]]>
    </line>
    <line>
      <![CDATA[Page Number :2 , Car Index : 12, Registration Year 2016 is greater than : 2015]]>
    </line>
    <line>
      <![CDATA[Page Number :2 , Car Index : 13, Registration Year 2018 is greater than : 2015]]>
    </line>
    <line>
      <![CDATA[Page Number :2 , Car Index : 14, Registration Year 2017 is greater than : 2015]]>
    </line>
    <line>
      <![CDATA[Page Number :2 , Car Index : 15, Registration Year 2016 is greater than : 2015]]>
    </line>
    <line>
      <![CDATA[Page Number :2 , Car Index : 16, Registration Year 2017 is greater than : 2015]]>
    </line>
    <line>
      <![CDATA[Page Number :2 , Car Index : 17, Registration Year 2017 is greater than : 2015]]>
    </line>
    <line>
      <![CDATA[Page Number :2 , Car Index : 18, Registration Year 2017 is greater than : 2015]]>
    </line>
    <line>
      <![CDATA[Page Number :2 , Car Index : 19, Registration Year 2016 is greater than : 2015]]>
    </line>
    <line>
      <![CDATA[Page Number :2 , Car Index : 20, Registration Year 2017 is greater than : 2015]]>
    </line>
    <line>
      <![CDATA[Page Number :2 , Car Index : 21, Registration Year 2017 is greater than : 2015]]>
    </line>
    <line>
      <![CDATA[Page Number :2 , Car Index : 22, Registration Year 2015 is greater than : 2015]]>
    </line>
    <line>
      <![CDATA[Page Number :2 , Car Index : 23, Registration Year 2016 is greater than : 2015]]>
    </line>
    <line>
      <![CDATA[Page Number :2 , Car Index : 24, Registration Year 2017 is greater than : 2015]]>
    </line>
    <line>
      <![CDATA[Page Number :3 , Car Index : 1, Registration Year 2015 is greater than : 2015]]>
    </line>
    <line>
      <![CDATA[Page Number :3 , Car Index : 3, Registration Year 2017 is greater than : 2015]]>
    </line>
    <line>
      <![CDATA[Page Number :3 , Car Index : 4, Registration Year 2015 is greater than : 2015]]>
    </line>
    <line>
      <![CDATA[Page Number :3 , Car Index : 5, Registration Year 2018 is greater than : 2015]]>
    </line>
    <line>
      <![CDATA[Page Number :3 , Car Index : 6, Registration Year 2017 is greater than : 2015]]>
    </line>
    <line>
      <![CDATA[Page Number :3 , Car Index : 7, Registration Year 2017 is greater than : 2015]]>
    </line>
    <line>
      <![CDATA[Page Number :3 , Car Index : 8, Registration Year 2015 is greater than : 2015]]>
    </line>
    <line>
      <![CDATA[Page Number :3 , Car Index : 9, Registration Year 2017 is greater than : 2015]]>
    </line>
    <line>
      <![CDATA[Page Number :3 , Car Index : 10, Registration Year 2015 is greater than : 2015]]>
    </line>
    <line>
      <![CDATA[Page Number :3 , Car Index : 11, Registration Year 2016 is greater than : 2015]]>
    </line>
    <line>
      <![CDATA[Page Number :3 , Car Index : 12, Registration Year 2016 is greater than : 2015]]>
    </line>
    <line>
      <![CDATA[Page Number :3 , Car Index : 13, Registration Year 2015 is greater than : 2015]]>
    </line>
    <line>
      <![CDATA[Page Number :3 , Car Index : 14, Registration Year 2018 is greater than : 2015]]>
    </line>
    <line>
      <![CDATA[Page Number :3 , Car Index : 15, Registration Year 2017 is greater than : 2015]]>
    </line>
    <line>
      <![CDATA[Page Number :3 , Car Index : 16, Registration Year 2016 is greater than : 2015]]>
    </line>
    <line>
      <![CDATA[Page Number :3 , Car Index : 17, Registration Year 2016 is greater than : 2015]]>
    </line>
    <line>
      <![CDATA[Page Number :3 , Car Index : 18, Registration Year 2018 is greater than : 2015]]>
    </line>
    <line>
      <![CDATA[Page Number :3 , Car Index : 19, Registration Year 2016 is greater than : 2015]]>
    </line>
    <line>
      <![CDATA[Page Number :3 , Car Index : 20, Registration Year 2017 is greater than : 2015]]>
    </line>
    <line>
      <![CDATA[Page Number :3 , Car Index : 21, Registration Year 2017 is greater than : 2015]]>
    </line>
    <line>
      <![CDATA[Page Number :3 , Car Index : 22, Registration Year 2016 is greater than : 2015]]>
    </line>
    <line>
      <![CDATA[Page Number :3 , Car Index : 23, Registration Year 2016 is greater than : 2015]]>
    </line>
    <line>
      <![CDATA[Page Number :3 , Car Index : 24, Registration Year 2016 is greater than : 2015]]>
    </line>
    <line>
      <![CDATA[Page Number :4 , Car Index : 1, Registration Year 2015 is greater than : 2015]]>
    </line>
    <line>
      <![CDATA[Page Number :4 , Car Index : 3, Registration Year 2017 is greater than : 2015]]>
    </line>
    <line>
      <![CDATA[Page Number :4 , Car Index : 4, Registration Year 2017 is greater than : 2015]]>
    </line>
    <line>
      <![CDATA[Page Number :4 , Car Index : 5, Registration Year 2017 is greater than : 2015]]>
    </line>
    <line>
      <![CDATA[Page Number :4 , Car Index : 6, Registration Year 2017 is greater than : 2015]]>
    </line>
    <line>
      <![CDATA[Page Number :4 , Car Index : 7, Registration Year 2016 is greater than : 2015]]>
    </line>
    <line>
      <![CDATA[Page Number :4 , Car Index : 8, Registration Year 2015 is greater than : 2015]]>
    </line>
    <line>
      <![CDATA[Page Number :4 , Car Index : 9, Registration Year 2015 is greater than : 2015]]>
    </line>
    <line>
      <![CDATA[Page Number :4 , Car Index : 10, Registration Year 2017 is greater than : 2015]]>
    </line>
    <line>
      <![CDATA[Page Number :4 , Car Index : 11, Registration Year 2015 is greater than : 2015]]>
    </line>
    <line>
      <![CDATA[Page Number :4 , Car Index : 12, Registration Year 2015 is greater than : 2015]]>
    </line>
    <line>
      <![CDATA[Page Number :4 , Car Index : 13, Registration Year 2015 is greater than : 2015]]>
    </line>
    <line>
      <![CDATA[Page Number :4 , Car Index : 14, Registration Year 2015 is greater than : 2015]]>
    </line>
    <line>
      <![CDATA[Page Number :4 , Car Index : 15, Registration Year 2015 is greater than : 2015]]>
    </line>
    <line>
      <![CDATA[Page Number :4 , Car Index : 16, Registration Year 2015 is greater than : 2015]]>
    </line>
    <line>
      <![CDATA[Page Number :4 , Car Index : 17, Registration Year 2016 is greater than : 2015]]>
    </line>
    <line>
      <![CDATA[Page Number :4 , Car Index : 18, Registration Year 2015 is greater than : 2015]]>
    </line>
    <line>
      <![CDATA[Page Number :4 , Car Index : 19, Registration Year 2015 is greater than : 2015]]>
    </line>
    <line>
      <![CDATA[Page Number :4 , Car Index : 20, Registration Year 2015 is greater than : 2015]]>
    </line>
    <line>
      <![CDATA[Page Number :4 , Car Index : 21, Registration Year 2016 is greater than : 2015]]>
    </line>
    <line>
      <![CDATA[Page Number :4 , Car Index : 22, Registration Year 2015 is greater than : 2015]]>
    </line>
    <line>
      <![CDATA[Page Number :4 , Car Index : 23, Registration Year 2017 is greater than : 2015]]>
    </line>
    <line>
      <![CDATA[Page Number :4 , Car Index : 24, Registration Year 2017 is greater than : 2015]]>
    </line>
    <line>
      <![CDATA[Page Number :5 , Car Index : 1, Registration Year 2016 is greater than : 2015]]>
    </line>
    <line>
      <![CDATA[Page Number :5 , Car Index : 3, Registration Year 2016 is greater than : 2015]]>
    </line>
    <line>
      <![CDATA[Page Number :5 , Car Index : 4, Registration Year 2018 is greater than : 2015]]>
    </line>
    <line>
      <![CDATA[Page Number :5 , Car Index : 5, Registration Year 2015 is greater than : 2015]]>
    </line>
    <line>
      <![CDATA[Page Number :5 , Car Index : 6, Registration Year 2015 is greater than : 2015]]>
    </line>
    <line>
      <![CDATA[Page Number :5 , Car Index : 7, Registration Year 2016 is greater than : 2015]]>
    </line>
    <line>
      <![CDATA[Page Number :5 , Car Index : 8, Registration Year 2016 is greater than : 2015]]>
    </line>
    <line>
      <![CDATA[Page Number :5 , Car Index : 9, Registration Year 2017 is greater than : 2015]]>
    </line>
    <line>
      <![CDATA[Page Number :5 , Car Index : 10, Registration Year 2016 is greater than : 2015]]>
    </line>
    <line>
      <![CDATA[Page Number :5 , Car Index : 11, Registration Year 2017 is greater than : 2015]]>
    </line>
    <line>
      <![CDATA[Page Number :5 , Car Index : 12, Registration Year 2015 is greater than : 2015]]>
    </line>
    <line>
      <![CDATA[Page Number :5 , Car Index : 13, Registration Year 2016 is greater than : 2015]]>
    </line>
    <line>
      <![CDATA[Page Number :5 , Car Index : 14, Registration Year 2015 is greater than : 2015]]>
    </line>
    <line>
      <![CDATA[Page Number :5 , Car Index : 15, Registration Year 2016 is greater than : 2015]]>
    </line>
    <line>
      <![CDATA[Page Number :5 , Car Index : 16, Registration Year 2016 is greater than : 2015]]>
    </line>
    <line>
      <![CDATA[Page Number :5 , Car Index : 17, Registration Year 2016 is greater than : 2015]]>
    </line>
    <line>
      <![CDATA[Page Number :5 , Car Index : 18, Registration Year 2015 is greater than : 2015]]>
    </line>
    <line>
      <![CDATA[Page Number :5 , Car Index : 19, Registration Year 2016 is greater than : 2015]]>
    </line>
    <line>
      <![CDATA[Page Number :5 , Car Index : 20, Registration Year 2016 is greater than : 2015]]>
    </line>
    <line>
      <![CDATA[Page Number :5 , Car Index : 21, Registration Year 2015 is greater than : 2015]]>
    </line>
    <line>
      <![CDATA[Page Number :5 , Car Index : 22, Registration Year 2015 is greater than : 2015]]>
    </line>
    <line>
      <![CDATA[Page Number :5 , Car Index : 23, Registration Year 2015 is greater than : 2015]]>
    </line>
    <line>
      <![CDATA[Page Number :5 , Car Index : 24, Registration Year 2015 is greater than : 2015]]>
    </line>
    <line>
      <![CDATA[Page Number :6 , Car Index : 1, Registration Year 2015 is greater than : 2015]]>
    </line>
    <line>
      <![CDATA[Page Number :6 , Car Index : 3, Registration Year 2015 is greater than : 2015]]>
    </line>
    <line>
      <![CDATA[Page Number :6 , Car Index : 4, Registration Year 2017 is greater than : 2015]]>
    </line>
    <line>
      <![CDATA[Page Number :6 , Car Index : 5, Registration Year 2016 is greater than : 2015]]>
    </line>
    <line>
      <![CDATA[Page Number :6 , Car Index : 6, Registration Year 2015 is greater than : 2015]]>
    </line>
    <line>
      <![CDATA[Page Number :6 , Car Index : 7, Registration Year 2015 is greater than : 2015]]>
    </line>
    <line>
      <![CDATA[Page Number :6 , Car Index : 8, Registration Year 2016 is greater than : 2015]]>
    </line>
    <line>
      <![CDATA[Page Number :6 , Car Index : 9, Registration Year 2017 is greater than : 2015]]>
    </line>
    <line>
      <![CDATA[Page Number :6 , Car Index : 10, Registration Year 2017 is greater than : 2015]]>
    </line>
    <line>
      <![CDATA[Page Number :6 , Car Index : 11, Registration Year 2015 is greater than : 2015]]>
    </line>
    <line>
      <![CDATA[Page Number :6 , Car Index : 12, Registration Year 2015 is greater than : 2015]]>
    </line>
    <line>
      <![CDATA[Page Number :6 , Car Index : 13, Registration Year 2017 is greater than : 2015]]>
    </line>
    <line>
      <![CDATA[Page Number :6 , Car Index : 14, Registration Year 2017 is greater than : 2015]]>
    </line>
    <line>
      <![CDATA[Page Number :6 , Car Index : 15, Registration Year 2018 is greater than : 2015]]>
    </line>
    <line>
      <![CDATA[Page Number :6 , Car Index : 16, Registration Year 2017 is greater than : 2015]]>
    </line>
    <line>
      <![CDATA[Page Number :6 , Car Index : 17, Registration Year 2016 is greater than : 2015]]>
    </line>
    <line>
      <![CDATA[Page Number :6 , Car Index : 18, Registration Year 2015 is greater than : 2015]]>
    </line>
    <line>
      <![CDATA[Page Number :6 , Car Index : 19, Registration Year 2015 is greater than : 2015]]>
    </line>
    <line>
      <![CDATA[Page Number :6 , Car Index : 20, Registration Year 2018 is greater than : 2015]]>
    </line>
    <line>
      <![CDATA[Page Number :6 , Car Index : 21, Registration Year 2015 is greater than : 2015]]>
    </line>
    <line>
      <![CDATA[Page Number :6 , Car Index : 22, Registration Year 2016 is greater than : 2015]]>
    </line>
    <line>
      <![CDATA[Page Number :6 , Car Index : 23, Registration Year 2015 is greater than : 2015]]>
    </line>
    <line>
      <![CDATA[Page Number :6 , Car Index : 24, Registration Year 2015 is greater than : 2015]]>
    </line>
    <line>
      <![CDATA[Page Number :7 , Car Index : 1, Registration Year 2015 is greater than : 2015]]>
    </line>
    <line>
      <![CDATA[Page Number :7 , Car Index : 3, Registration Year 2017 is greater than : 2015]]>
    </line>
    <line>
      <![CDATA[Page Number :7 , Car Index : 4, Registration Year 2016 is greater than : 2015]]>
    </line>
    <line>
      <![CDATA[Page Number :7 , Car Index : 5, Registration Year 2017 is greater than : 2015]]>
    </line>
    <line>
      <![CDATA[Page Number :7 , Car Index : 6, Registration Year 2015 is greater than : 2015]]>
    </line>
    <line>
      <![CDATA[Page Number :7 , Car Index : 7, Registration Year 2018 is greater than : 2015]]>
    </line>
    <line>
      <![CDATA[Page Number :7 , Car Index : 8, Registration Year 2017 is greater than : 2015]]>
    </line>
    <line>
      <![CDATA[Page Number :7 , Car Index : 9, Registration Year 2016 is greater than : 2015]]>
    </line>
    <line>
      <![CDATA[Page Number :7 , Car Index : 10, Registration Year 2017 is greater than : 2015]]>
    </line>
    <line>
      <![CDATA[Page Number :7 , Car Index : 11, Registration Year 2017 is greater than : 2015]]>
    </line>
    <line>
      <![CDATA[Page Number :7 , Car Index : 12, Registration Year 2016 is greater than : 2015]]>
    </line>
    <line>
      <![CDATA[Page Number :7 , Car Index : 13, Registration Year 2017 is greater than : 2015]]>
    </line>
    <line>
      <![CDATA[Page Number :7 , Car Index : 14, Registration Year 2017 is greater than : 2015]]>
    </line>
    <line>
      <![CDATA[Page Number :7 , Car Index : 15, Registration Year 2017 is greater than : 2015]]>
    </line>
    <line>
      <![CDATA[Page Number :7 , Car Index : 16, Registration Year 2016 is greater than : 2015]]>
    </line>
    <line>
      <![CDATA[Page Number :7 , Car Index : 17, Registration Year 2016 is greater than : 2015]]>
    </line>
    <line>
      <![CDATA[Page Number :7 , Car Index : 18, Registration Year 2016 is greater than : 2015]]>
    </line>
    <line>
      <![CDATA[Page Number :7 , Car Index : 19, Registration Year 2017 is greater than : 2015]]>
    </line>
    <line>
      <![CDATA[Page Number :7 , Car Index : 20, Registration Year 2017 is greater than : 2015]]>
    </line>
    <line>
      <![CDATA[Page Number :7 , Car Index : 21, Registration Year 2016 is greater than : 2015]]>
    </line>
    <line>
      <![CDATA[Page Number :7 , Car Index : 22, Registration Year 2016 is greater than : 2015]]>
    </line>
    <line>
      <![CDATA[Page Number :7 , Car Index : 23, Registration Year 2017 is greater than : 2015]]>
    </line>
    <line>
      <![CDATA[Page Number :7 , Car Index : 24, Registration Year 2016 is greater than : 2015]]>
    </line>
    <line>
      <![CDATA[Page Number :8 , Car Index : 1, Registration Year 2017 is greater than : 2015]]>
    </line>
    <line>
      <![CDATA[Page Number :8 , Car Index : 3, Registration Year 2015 is greater than : 2015]]>
    </line>
    <line>
      <![CDATA[Page Number :8 , Car Index : 4, Registration Year 2016 is greater than : 2015]]>
    </line>
    <line>
      <![CDATA[Page Number :8 , Car Index : 5, Registration Year 2018 is greater than : 2015]]>
    </line>
    <line>
      <![CDATA[Page Number :8 , Car Index : 6, Registration Year 2016 is greater than : 2015]]>
    </line>
    <line>
      <![CDATA[Page Number :8 , Car Index : 7, Registration Year 2016 is greater than : 2015]]>
    </line>
    <line>
      <![CDATA[Page Number :8 , Car Index : 8, Registration Year 2017 is greater than : 2015]]>
    </line>
    <line>
      <![CDATA[Page Number :8 , Car Index : 9, Registration Year 2016 is greater than : 2015]]>
    </line>
    <line>
      <![CDATA[Page Number :8 , Car Index : 10, Registration Year 2015 is greater than : 2015]]>
    </line>
    <line>
      <![CDATA[Page Number :8 , Car Index : 11, Registration Year 2015 is greater than : 2015]]>
    </line>
    <line>
      <![CDATA[Page Number :8 , Car Index : 12, Registration Year 2015 is greater than : 2015]]>
    </line>
    <line>
      <![CDATA[Page Number :8 , Car Index : 13, Registration Year 2017 is greater than : 2015]]>
    </line>
    <line>
      <![CDATA[Page Number :8 , Car Index : 14, Registration Year 2016 is greater than : 2015]]>
    </line>
    <line>
      <![CDATA[Page Number :8 , Car Index : 15, Registration Year 2017 is greater than : 2015]]>
    </line>
    <line>
      <![CDATA[Page Number :8 , Car Index : 16, Registration Year 2015 is greater than : 2015]]>
    </line>
    <line>
      <![CDATA[Page Number :8 , Car Index : 17, Registration Year 2016 is greater than : 2015]]>
    </line>
    <line>
      <![CDATA[Page Number :8 , Car Index : 18, Registration Year 2018 is greater than : 2015]]>
    </line>
    <line>
      <![CDATA[Page Number :8 , Car Index : 19, Registration Year 2015 is greater than : 2015]]>
    </line>
    <line>
      <![CDATA[Page Number :8 , Car Index : 20, Registration Year 2016 is greater than : 2015]]>
    </line>
    <line>
      <![CDATA[Page Number :8 , Car Index : 21, Registration Year 2016 is greater than : 2015]]>
    </line>
    <line>
      <![CDATA[Page Number :8 , Car Index : 22, Registration Year 2015 is greater than : 2015]]>
    </line>
    <line>
      <![CDATA[Page Number :8 , Car Index : 23, Registration Year 2017 is greater than : 2015]]>
    </line>
    <line>
      <![CDATA[Page Number :8 , Car Index : 24, Registration Year 2015 is greater than : 2015]]>
    </line>
    <line>
      <![CDATA[Page Number :9 , Car Index : 1, Registration Year 2016 is greater than : 2015]]>
    </line>
    <line>
      <![CDATA[Page Number :9 , Car Index : 3, Registration Year 2015 is greater than : 2015]]>
    </line>
    <line>
      <![CDATA[Page Number :9 , Car Index : 4, Registration Year 2016 is greater than : 2015]]>
    </line>
    <line>
      <![CDATA[Page Number :9 , Car Index : 5, Registration Year 2016 is greater than : 2015]]>
    </line>
    <line>
      <![CDATA[Page Number :9 , Car Index : 6, Registration Year 2015 is greater than : 2015]]>
    </line>
    <line>
      <![CDATA[Page Number :9 , Car Index : 7, Registration Year 2016 is greater than : 2015]]>
    </line>
    <line>
      <![CDATA[Page Number :9 , Car Index : 8, Registration Year 2017 is greater than : 2015]]>
    </line>
    <line>
      <![CDATA[Page Number :9 , Car Index : 9, Registration Year 2016 is greater than : 2015]]>
    </line>
    <line>
      <![CDATA[Page Number :9 , Car Index : 10, Registration Year 2017 is greater than : 2015]]>
    </line>
    <line>
      <![CDATA[Page Number :9 , Car Index : 11, Registration Year 2016 is greater than : 2015]]>
    </line>
    <line>
      <![CDATA[Page Number :9 , Car Index : 12, Registration Year 2015 is greater than : 2015]]>
    </line>
    <line>
      <![CDATA[Page Number :9 , Car Index : 13, Registration Year 2016 is greater than : 2015]]>
    </line>
    <line>
      <![CDATA[Page Number :9 , Car Index : 14, Registration Year 2016 is greater than : 2015]]>
    </line>
    <line>
      <![CDATA[Page Number :9 , Car Index : 15, Registration Year 2015 is greater than : 2015]]>
    </line>
    <line>
      <![CDATA[Page Number :9 , Car Index : 16, Registration Year 2015 is greater than : 2015]]>
    </line>
    <line>
      <![CDATA[Page Number :9 , Car Index : 17, Registration Year 2016 is greater than : 2015]]>
    </line>
    <line>
      <![CDATA[Page Number :9 , Car Index : 18, Registration Year 2017 is greater than : 2015]]>
    </line>
    <line>
      <![CDATA[Page Number :9 , Car Index : 19, Registration Year 2015 is greater than : 2015]]>
    </line>
    <line>
      <![CDATA[Page Number :9 , Car Index : 20, Registration Year 2017 is greater than : 2015]]>
    </line>
    <line>
      <![CDATA[Page Number :9 , Car Index : 21, Registration Year 2016 is greater than : 2015]]>
    </line>
    <line>
      <![CDATA[Page Number :9 , Car Index : 22, Registration Year 2015 is greater than : 2015]]>
    </line>
    <line>
      <![CDATA[Page Number :9 , Car Index : 23, Registration Year 2015 is greater than : 2015]]>
    </line>
    <line>
      <![CDATA[Page Number :9 , Car Index : 24, Registration Year 2016 is greater than : 2015]]>
    </line>
    <line>
      <![CDATA[Page Number :10 , Car Index : 1, Registration Year 2015 is greater than : 2015]]>
    </line>
    <line>
      <![CDATA[Page Number :10 , Car Index : 3, Registration Year 2015 is greater than : 2015]]>
    </line>
    <line>
      <![CDATA[Page Number :10 , Car Index : 4, Registration Year 2015 is greater than : 2015]]>
    </line>
    <line>
      <![CDATA[Page Number :10 , Car Index : 5, Registration Year 2016 is greater than : 2015]]>
    </line>
    <line>
      <![CDATA[Page Number :10 , Car Index : 6, Registration Year 2015 is greater than : 2015]]>
    </line>
    <line>
      <![CDATA[Page Number :10 , Car Index : 7, Registration Year 2017 is greater than : 2015]]>
    </line>
    <line>
      <![CDATA[Page Number :10 , Car Index : 8, Registration Year 2016 is greater than : 2015]]>
    </line>
    <line>
      <![CDATA[Page Number :10 , Car Index : 9, Registration Year 2018 is greater than : 2015]]>
    </line>
    <line>
      <![CDATA[Page Number :10 , Car Index : 10, Registration Year 2015 is greater than : 2015]]>
    </line>
    <line>
      <![CDATA[Page Number :10 , Car Index : 11, Registration Year 2016 is greater than : 2015]]>
    </line>
    <line>
      <![CDATA[Page Number :10 , Car Index : 12, Registration Year 2015 is greater than : 2015]]>
    </line>
    <line>
      <![CDATA[Page Number :10 , Car Index : 13, Registration Year 2016 is greater than : 2015]]>
    </line>
    <line>
      <![CDATA[Page Number :10 , Car Index : 14, Registration Year 2015 is greater than : 2015]]>
    </line>
    <line>
      <![CDATA[Page Number :10 , Car Index : 15, Registration Year 2015 is greater than : 2015]]>
    </line>
    <line>
      <![CDATA[Page Number :10 , Car Index : 16, Registration Year 2015 is greater than : 2015]]>
    </line>
    <line>
      <![CDATA[Page Number :10 , Car Index : 17, Registration Year 2016 is greater than : 2015]]>
    </line>
    <line>
      <![CDATA[Page Number :10 , Car Index : 18, Registration Year 2015 is greater than : 2015]]>
    </line>
    <line>
      <![CDATA[Page Number :10 , Car Index : 19, Registration Year 2017 is greater than : 2015]]>
    </line>
    <line>
      <![CDATA[Page Number :10 , Car Index : 20, Registration Year 2015 is greater than : 2015]]>
    </line>
    <line>
      <![CDATA[Page Number :10 , Car Index : 21, Registration Year 2015 is greater than : 2015]]>
    </line>
    <line>
      <![CDATA[Page Number :10 , Car Index : 22, Registration Year 2016 is greater than : 2015]]>
    </line>
    <line>
      <![CDATA[Page Number :10 , Car Index : 23, Registration Year 2017 is greater than : 2015]]>
    </line>
    <line>
      <![CDATA[Page Number :10 , Car Index : 24, Registration Year 2017 is greater than : 2015]]>
    </line>
    <line>
      <![CDATA[Page Number :11 , Car Index : 1, Registration Year 2017 is greater than : 2015]]>
    </line>
    <line>
      <![CDATA[Page Number :11 , Car Index : 3, Registration Year 2016 is greater than : 2015]]>
    </line>
    <line>
      <![CDATA[Page Number :11 , Car Index : 4, Registration Year 2015 is greater than : 2015]]>
    </line>
    <line>
      <![CDATA[Page Number :11 , Car Index : 5, Registration Year 2015 is greater than : 2015]]>
    </line>
    <line>
      <![CDATA[Page Number :11 , Car Index : 6, Registration Year 2015 is greater than : 2015]]>
    </line>
    <line>
      <![CDATA[Page Number :11 , Car Index : 7, Registration Year 2015 is greater than : 2015]]>
    </line>
    <line>
      <![CDATA[Page Number :11 , Car Index : 8, Registration Year 2017 is greater than : 2015]]>
    </line>
    <line>
      <![CDATA[Page Number :11 , Car Index : 9, Registration Year 2015 is greater than : 2015]]>
    </line>
    <line>
      <![CDATA[Page Number :11 , Car Index : 10, Registration Year 2017 is greater than : 2015]]>
    </line>
    <line>
      <![CDATA[Page Number :11 , Car Index : 11, Registration Year 2016 is greater than : 2015]]>
    </line>
    <line>
      <![CDATA[Page Number :11 , Car Index : 12, Registration Year 2015 is greater than : 2015]]>
    </line>
    <line>
      <![CDATA[Page Number :11 , Car Index : 13, Registration Year 2015 is greater than : 2015]]>
    </line>
    <line>
      <![CDATA[Page Number :11 , Car Index : 14, Registration Year 2016 is greater than : 2015]]>
    </line>
    <line>
      <![CDATA[Page Number :11 , Car Index : 15, Registration Year 2015 is greater than : 2015]]>
    </line>
    <line>
      <![CDATA[Page Number :11 , Car Index : 16, Registration Year 2015 is greater than : 2015]]>
    </line>
    <line>
      <![CDATA[Page Number :11 , Car Index : 17, Registration Year 2016 is greater than : 2015]]>
    </line>
    <line>
      <![CDATA[Page Number :11 , Car Index : 18, Registration Year 2017 is greater than : 2015]]>
    </line>
    <line>
      <![CDATA[Page Number :11 , Car Index : 19, Registration Year 2015 is greater than : 2015]]>
    </line>
    <line>
      <![CDATA[Page Number :11 , Car Index : 20, Registration Year 2015 is greater than : 2015]]>
    </line>
    <line>
      <![CDATA[Page Number :11 , Car Index : 21, Registration Year 2015 is greater than : 2015]]>
    </line>
    <line>
      <![CDATA[Page Number :11 , Car Index : 22, Registration Year 2015 is greater than : 2015]]>
    </line>
    <line>
      <![CDATA[Page Number :11 , Car Index : 23, Registration Year 2015 is greater than : 2015]]>
    </line>
    <line>
      <![CDATA[Page Number :11 , Car Index : 24, Registration Year 2015 is greater than : 2015]]>
    </line>
    <line>
      <![CDATA[Page Number :12 , Car Index : 1, Registration Year 2016 is greater than : 2015]]>
    </line>
    <line>
      <![CDATA[Page Number :12 , Car Index : 3, Registration Year 2015 is greater than : 2015]]>
    </line>
    <line>
      <![CDATA[Page Number :12 , Car Index : 4, Registration Year 2015 is greater than : 2015]]>
    </line>
    <line>
      <![CDATA[Page Number :12 , Car Index : 5, Registration Year 2016 is greater than : 2015]]>
    </line>
    <line>
      <![CDATA[Page Number :12 , Car Index : 6, Registration Year 2015 is greater than : 2015]]>
    </line>
    <line>
      <![CDATA[Page Number :12 , Car Index : 7, Registration Year 2016 is greater than : 2015]]>
    </line>
    <line>
      <![CDATA[Page Number :12 , Car Index : 8, Registration Year 2016 is greater than : 2015]]>
    </line>
    <line>
      <![CDATA[Page Number :12 , Car Index : 9, Registration Year 2016 is greater than : 2015]]>
    </line>
    <line>
      <![CDATA[Page Number :12 , Car Index : 10, Registration Year 2017 is greater than : 2015]]>
    </line>
    <line>
      <![CDATA[Page Number :12 , Car Index : 11, Registration Year 2015 is greater than : 2015]]>
    </line>
    <line>
      <![CDATA[Page Number :12 , Car Index : 12, Registration Year 2016 is greater than : 2015]]>
    </line>
    <line>
      <![CDATA[Page Number :12 , Car Index : 13, Registration Year 2015 is greater than : 2015]]>
    </line>
    <line>
      <![CDATA[Page Number :12 , Car Index : 14, Registration Year 2015 is greater than : 2015]]>
    </line>
    <line>
      <![CDATA[Page Number :12 , Car Index : 15, Registration Year 2017 is greater than : 2015]]>
    </line>
    <line>
      <![CDATA[Page Number :12 , Car Index : 16, Registration Year 2015 is greater than : 2015]]>
    </line>
    <line>
      <![CDATA[Page Number :12 , Car Index : 17, Registration Year 2015 is greater than : 2015]]>
    </line>
    <line>
      <![CDATA[Page Number :12 , Car Index : 18, Registration Year 2016 is greater than : 2015]]>
    </line>
    <line>
      <![CDATA[Page Number :12 , Car Index : 19, Registration Year 2016 is greater than : 2015]]>
    </line>
    <line>
      <![CDATA[Page Number :12 , Car Index : 20, Registration Year 2016 is greater than : 2015]]>
    </line>
    <line>
      <![CDATA[Page Number :12 , Car Index : 21, Registration Year 2015 is greater than : 2015]]>
    </line>
    <line>
      <![CDATA[Page Number :12 , Car Index : 22, Registration Year 2016 is greater than : 2015]]>
    </line>
    <line>
      <![CDATA[Page Number :12 , Car Index : 23, Registration Year 2015 is greater than : 2015]]>
    </line>
    <line>
      <![CDATA[Page Number :12 , Car Index : 24, Registration Year 2015 is greater than : 2015]]>
    </line>
    <line>
      <![CDATA[Page Number :13 , Car Index : 1, Registration Year 2015 is greater than : 2015]]>
    </line>
    <line>
      <![CDATA[Page Number :13 , Car Index : 3, Registration Year 2016 is greater than : 2015]]>
    </line>
    <line>
      <![CDATA[Page Number :13 , Car Index : 4, Registration Year 2016 is greater than : 2015]]>
    </line>
    <line>
      <![CDATA[Page Number :13 , Car Index : 5, Registration Year 2015 is greater than : 2015]]>
    </line>
    <line>
      <![CDATA[Page Number :13 , Car Index : 6, Registration Year 2017 is greater than : 2015]]>
    </line>
    <line>
      <![CDATA[Page Number :13 , Car Index : 7, Registration Year 2017 is greater than : 2015]]>
    </line>
    <line>
      <![CDATA[Page Number :13 , Car Index : 8, Registration Year 2018 is greater than : 2015]]>
    </line>
    <line>
      <![CDATA[Page Number :13 , Car Index : 9, Registration Year 2015 is greater than : 2015]]>
    </line>
    <line>
      <![CDATA[Page Number :13 , Car Index : 10, Registration Year 2016 is greater than : 2015]]>
    </line>
    <line>
      <![CDATA[Page Number :13 , Car Index : 11, Registration Year 2016 is greater than : 2015]]>
    </line>
    <line>
      <![CDATA[Page Number :13 , Car Index : 12, Registration Year 2017 is greater than : 2015]]>
    </line>
    <line>
      <![CDATA[Page Number :13 , Car Index : 13, Registration Year 2016 is greater than : 2015]]>
    </line>
    <line>
      <![CDATA[Page Number :13 , Car Index : 14, Registration Year 2017 is greater than : 2015]]>
    </line>
    <line>
      <![CDATA[Page Number :13 , Car Index : 15, Registration Year 2016 is greater than : 2015]]>
    </line>
    <line>
      <![CDATA[Page Number :13 , Car Index : 16, Registration Year 2017 is greater than : 2015]]>
    </line>
    <line>
      <![CDATA[Page Number :13 , Car Index : 17, Registration Year 2015 is greater than : 2015]]>
    </line>
    <line>
      <![CDATA[Page Number :13 , Car Index : 18, Registration Year 2016 is greater than : 2015]]>
    </line>
    <line>
      <![CDATA[Page Number :13 , Car Index : 19, Registration Year 2017 is greater than : 2015]]>
    </line>
    <line>
      <![CDATA[Page Number :13 , Car Index : 20, Registration Year 2015 is greater than : 2015]]>
    </line>
    <line>
      <![CDATA[Page Number :13 , Car Index : 21, Registration Year 2016 is greater than : 2015]]>
    </line>
    <line>
      <![CDATA[Page Number :13 , Car Index : 22, Registration Year 2016 is greater than : 2015]]>
    </line>
    <line>
      <![CDATA[Page Number :13 , Car Index : 23, Registration Year 2015 is greater than : 2015]]>
    </line>
    <line>
      <![CDATA[Page Number :13 , Car Index : 24, Registration Year 2016 is greater than : 2015]]>
    </line>
    <line>
      <![CDATA[Page Number :14 , Car Index : 1, Registration Year 2015 is greater than : 2015]]>
    </line>
    <line>
      <![CDATA[Page Number :14 , Car Index : 3, Registration Year 2015 is greater than : 2015]]>
    </line>
    <line>
      <![CDATA[Page Number :14 , Car Index : 4, Registration Year 2016 is greater than : 2015]]>
    </line>
    <line>
      <![CDATA[Page Number :14 , Car Index : 5, Registration Year 2016 is greater than : 2015]]>
    </line>
    <line>
      <![CDATA[Page Number :14 , Car Index : 6, Registration Year 2015 is greater than : 2015]]>
    </line>
    <line>
      <![CDATA[Page Number :14 , Car Index : 7, Registration Year 2015 is greater than : 2015]]>
    </line>
    <line>
      <![CDATA[Page Number :14 , Car Index : 8, Registration Year 2015 is greater than : 2015]]>
    </line>
    <line>
      <![CDATA[Page Number :14 , Car Index : 9, Registration Year 2017 is greater than : 2015]]>
    </line>
    <line>
      <![CDATA[Page Number :14 , Car Index : 10, Registration Year 2017 is greater than : 2015]]>
    </line>
    <line>
      <![CDATA[Page Number :14 , Car Index : 11, Registration Year 2015 is greater than : 2015]]>
    </line>
    <line>
      <![CDATA[Page Number :14 , Car Index : 12, Registration Year 2017 is greater than : 2015]]>
    </line>
    <line>
      <![CDATA[Page Number :14 , Car Index : 13, Registration Year 2015 is greater than : 2015]]>
    </line>
    <line>
      <![CDATA[Page Number :14 , Car Index : 14, Registration Year 2015 is greater than : 2015]]>
    </line>
    <line>
      <![CDATA[Page Number :14 , Car Index : 15, Registration Year 2016 is greater than : 2015]]>
    </line>
    <line>
      <![CDATA[Page Number :14 , Car Index : 16, Registration Year 2016 is greater than : 2015]]>
    </line>
    <line>
      <![CDATA[Page Number :14 , Car Index : 17, Registration Year 2015 is greater than : 2015]]>
    </line>
    <line>
      <![CDATA[Page Number :14 , Car Index : 18, Registration Year 2016 is greater than : 2015]]>
    </line>
    <line>
      <![CDATA[Page Number :14 , Car Index : 19, Registration Year 2017 is greater than : 2015]]>
    </line>
    <line>
      <![CDATA[Page Number :14 , Car Index : 20, Registration Year 2015 is greater than : 2015]]>
    </line>
    <line>
      <![CDATA[Page Number :14 , Car Index : 21, Registration Year 2016 is greater than : 2015]]>
    </line>
    <line>
      <![CDATA[Page Number :14 , Car Index : 22, Registration Year 2015 is greater than : 2015]]>
    </line>
    <line>
      <![CDATA[Page Number :14 , Car Index : 23, Registration Year 2015 is greater than : 2015]]>
    </line>
    <line>
      <![CDATA[Page Number :14 , Car Index : 24, Registration Year 2016 is greater than : 2015]]>
    </line>
    <line>
      <![CDATA[Page Number :15 , Car Index : 1, Registration Year 2017 is greater than : 2015]]>
    </line>
    <line>
      <![CDATA[Page Number :15 , Car Index : 3, Registration Year 2016 is greater than : 2015]]>
    </line>
    <line>
      <![CDATA[Page Number :15 , Car Index : 4, Registration Year 2016 is greater than : 2015]]>
    </line>
    <line>
      <![CDATA[Page Number :15 , Car Index : 5, Registration Year 2015 is greater than : 2015]]>
    </line>
    <line>
      <![CDATA[Page Number :15 , Car Index : 6, Registration Year 2015 is greater than : 2015]]>
    </line>
    <line>
      <![CDATA[Page Number :15 , Car Index : 7, Registration Year 2015 is greater than : 2015]]>
    </line>
    <line>
      <![CDATA[Page Number :15 , Car Index : 8, Registration Year 2017 is greater than : 2015]]>
    </line>
    <line>
      <![CDATA[Page Number :15 , Car Index : 9, Registration Year 2015 is greater than : 2015]]>
    </line>
    <line>
      <![CDATA[Page Number :15 , Car Index : 10, Registration Year 2017 is greater than : 2015]]>
    </line>
    <line>
      <![CDATA[Page Number :15 , Car Index : 11, Registration Year 2018 is greater than : 2015]]>
    </line>
    <line>
      <![CDATA[Page Number :15 , Car Index : 12, Registration Year 2015 is greater than : 2015]]>
    </line>
    <line>
      <![CDATA[Page Number :15 , Car Index : 13, Registration Year 2018 is greater than : 2015]]>
    </line>
    <line>
      <![CDATA[Page Number :15 , Car Index : 14, Registration Year 2015 is greater than : 2015]]>
    </line>
    <line>
      <![CDATA[Page Number :15 , Car Index : 15, Registration Year 2016 is greater than : 2015]]>
    </line>
    <line>
      <![CDATA[Page Number :15 , Car Index : 16, Registration Year 2016 is greater than : 2015]]>
    </line>
    <line>
      <![CDATA[Page Number :15 , Car Index : 17, Registration Year 2015 is greater than : 2015]]>
    </line>
    <line>
      <![CDATA[Page Number :15 , Car Index : 18, Registration Year 2015 is greater than : 2015]]>
    </line>
    <line>
      <![CDATA[Page Number :15 , Car Index : 19, Registration Year 2015 is greater than : 2015]]>
    </line>
    <line>
      <![CDATA[Page Number :15 , Car Index : 20, Registration Year 2015 is greater than : 2015]]>
    </line>
    <line>
      <![CDATA[Page Number :15 , Car Index : 21, Registration Year 2015 is greater than : 2015]]>
    </line>
    <line>
      <![CDATA[Page Number :15 , Car Index : 22, Registration Year 2015 is greater than : 2015]]>
    </line>
    <line>
      <![CDATA[Page Number :15 , Car Index : 23, Registration Year 2015 is greater than : 2015]]>
    </line>
    <line>
      <![CDATA[Page Number :15 , Car Index : 24, Registration Year 2015 is greater than : 2015]]>
    </line>
    <line>
      <![CDATA[Page Number :16 , Car Index : 1, Registration Year 2017 is greater than : 2015]]>
    </line>
    <line>
      <![CDATA[Page Number :16 , Car Index : 3, Registration Year 2015 is greater than : 2015]]>
    </line>
    <line>
      <![CDATA[Page Number :16 , Car Index : 4, Registration Year 2017 is greater than : 2015]]>
    </line>
    <line>
      <![CDATA[Page Number :16 , Car Index : 5, Registration Year 2015 is greater than : 2015]]>
    </line>
    <line>
      <![CDATA[Page Number :16 , Car Index : 6, Registration Year 2015 is greater than : 2015]]>
    </line>
    <line>
      <![CDATA[Page Number :16 , Car Index : 7, Registration Year 2016 is greater than : 2015]]>
    </line>
    <line>
      <![CDATA[Page Number :16 , Car Index : 8, Registration Year 2018 is greater than : 2015]]>
    </line>
    <line>
      <![CDATA[Page Number :16 , Car Index : 9, Registration Year 2016 is greater than : 2015]]>
    </line>
    <line>
      <![CDATA[Page Number :16 , Car Index : 10, Registration Year 2016 is greater than : 2015]]>
    </line>
    <line>
      <![CDATA[Page Number :16 , Car Index : 11, Registration Year 2015 is greater than : 2015]]>
    </line>
    <line>
      <![CDATA[Page Number :16 , Car Index : 12, Registration Year 2016 is greater than : 2015]]>
    </line>
    <line>
      <![CDATA[Page Number :16 , Car Index : 13, Registration Year 2017 is greater than : 2015]]>
    </line>
    <line>
      <![CDATA[Page Number :16 , Car Index : 14, Registration Year 2016 is greater than : 2015]]>
    </line>
    <line>
      <![CDATA[Page Number :16 , Car Index : 15, Registration Year 2015 is greater than : 2015]]>
    </line>
    <line>
      <![CDATA[Page Number :16 , Car Index : 16, Registration Year 2015 is greater than : 2015]]>
    </line>
    <line>
      <![CDATA[Page Number :16 , Car Index : 17, Registration Year 2016 is greater than : 2015]]>
    </line>
    <line>
      <![CDATA[Page Number :16 , Car Index : 18, Registration Year 2015 is greater than : 2015]]>
    </line>
    <line>
      <![CDATA[Page Number :16 , Car Index : 19, Registration Year 2018 is greater than : 2015]]>
    </line>
    <line>
      <![CDATA[Page Number :16 , Car Index : 20, Registration Year 2015 is greater than : 2015]]>
    </line>
    <line>
      <![CDATA[Page Number :16 , Car Index : 21, Registration Year 2015 is greater than : 2015]]>
    </line>
    <line>
      <![CDATA[Page Number :16 , Car Index : 22, Registration Year 2016 is greater than : 2015]]>
    </line>
    <line>
      <![CDATA[Page Number :16 , Car Index : 23, Registration Year 2015 is greater than : 2015]]>
    </line>
    <line>
      <![CDATA[Page Number :16 , Car Index : 24, Registration Year 2015 is greater than : 2015]]>
    </line>
    <line>
      <![CDATA[Page Number :17 , Car Index : 1, Registration Year 2016 is greater than : 2015]]>
    </line>
    <line>
      <![CDATA[Page Number :17 , Car Index : 3, Registration Year 2015 is greater than : 2015]]>
    </line>
    <line>
      <![CDATA[Page Number :17 , Car Index : 4, Registration Year 2017 is greater than : 2015]]>
    </line>
    <line>
      <![CDATA[Page Number :17 , Car Index : 5, Registration Year 2016 is greater than : 2015]]>
    </line>
    <line>
      <![CDATA[Page Number :17 , Car Index : 6, Registration Year 2018 is greater than : 2015]]>
    </line>
    <line>
      <![CDATA[Page Number :17 , Car Index : 7, Registration Year 2017 is greater than : 2015]]>
    </line>
    <line>
      <![CDATA[Page Number :17 , Car Index : 8, Registration Year 2015 is greater than : 2015]]>
    </line>
    <line>
      <![CDATA[Page Number :17 , Car Index : 9, Registration Year 2015 is greater than : 2015]]>
    </line>
    <line>
      <![CDATA[Page Number :17 , Car Index : 10, Registration Year 2015 is greater than : 2015]]>
    </line>
    <line>
      <![CDATA[Page Number :17 , Car Index : 11, Registration Year 2016 is greater than : 2015]]>
    </line>
    <line>
      <![CDATA[Page Number :17 , Car Index : 12, Registration Year 2016 is greater than : 2015]]>
    </line>
    <line>
      <![CDATA[Page Number :17 , Car Index : 13, Registration Year 2016 is greater than : 2015]]>
    </line>
    <line>
      <![CDATA[Page Number :17 , Car Index : 14, Registration Year 2016 is greater than : 2015]]>
    </line>
    <line>
      <![CDATA[Page Number :17 , Car Index : 15, Registration Year 2016 is greater than : 2015]]>
    </line>
    <line>
      <![CDATA[Page Number :17 , Car Index : 16, Registration Year 2015 is greater than : 2015]]>
    </line>
    <line>
      <![CDATA[Page Number :17 , Car Index : 17, Registration Year 2015 is greater than : 2015]]>
    </line>
    <line>
      <![CDATA[Page Number :17 , Car Index : 18, Registration Year 2015 is greater than : 2015]]>
    </line>
    <line>
      <![CDATA[Page Number :17 , Car Index : 19, Registration Year 2016 is greater than : 2015]]>
    </line>
    <line>
      <![CDATA[Page Number :17 , Car Index : 20, Registration Year 2016 is greater than : 2015]]>
    </line>
    <line>
      <![CDATA[Page Number :17 , Car Index : 21, Registration Year 2015 is greater than : 2015]]>
    </line>
    <line>
      <![CDATA[Page Number :17 , Car Index : 22, Registration Year 2016 is greater than : 2015]]>
    </line>
    <line>
      <![CDATA[Page Number :17 , Car Index : 23, Registration Year 2016 is greater than : 2015]]>
    </line>
    <line>
      <![CDATA[Page Number :17 , Car Index : 24, Registration Year 2015 is greater than : 2015]]>
    </line>
    <line>
      <![CDATA[Page Number :18 , Car Index : 1, Registration Year 2015 is greater than : 2015]]>
    </line>
    <line>
      <![CDATA[Page Number :18 , Car Index : 3, Registration Year 2016 is greater than : 2015]]>
    </line>
    <line>
      <![CDATA[Page Number :18 , Car Index : 4, Registration Year 2015 is greater than : 2015]]>
    </line>
    <line>
      <![CDATA[Page Number :18 , Car Index : 5, Registration Year 2015 is greater than : 2015]]>
    </line>
    <line>
      <![CDATA[Page Number :18 , Car Index : 6, Registration Year 2015 is greater than : 2015]]>
    </line>
    <line>
      <![CDATA[Page Number :18 , Car Index : 7, Registration Year 2015 is greater than : 2015]]>
    </line>
    <line>
      <![CDATA[Page Number :18 , Car Index : 8, Registration Year 2015 is greater than : 2015]]>
    </line>
    <line>
      <![CDATA[Page Number :18 , Car Index : 9, Registration Year 2015 is greater than : 2015]]>
    </line>
    <line>
      <![CDATA[Page Number :18 , Car Index : 10, Registration Year 2015 is greater than : 2015]]>
    </line>
    <line>
      <![CDATA[Page Number :18 , Car Index : 11, Registration Year 2015 is greater than : 2015]]>
    </line>
    <line>
      <![CDATA[Page Number :18 , Car Index : 12, Registration Year 2015 is greater than : 2015]]>
    </line>
    <line>
      <![CDATA[Page Number :18 , Car Index : 13, Registration Year 2015 is greater than : 2015]]>
    </line>
    <line>
      <![CDATA[Page Number :18 , Car Index : 14, Registration Year 2015 is greater than : 2015]]>
    </line>
    <line>
      <![CDATA[Page Number :18 , Car Index : 15, Registration Year 2017 is greater than : 2015]]>
    </line>
    <line>
      <![CDATA[Page Number :18 , Car Index : 16, Registration Year 2015 is greater than : 2015]]>
    </line>
    <line>
      <![CDATA[Page Number :18 , Car Index : 17, Registration Year 2017 is greater than : 2015]]>
    </line>
    <line>
      <![CDATA[Page Number :18 , Car Index : 18, Registration Year 2015 is greater than : 2015]]>
    </line>
    <line>
      <![CDATA[Page Number :18 , Car Index : 19, Registration Year 2017 is greater than : 2015]]>
    </line>
    <line>
      <![CDATA[Page Number :18 , Car Index : 20, Registration Year 2015 is greater than : 2015]]>
    </line>
    <line>
      <![CDATA[Page Number :18 , Car Index : 21, Registration Year 2015 is greater than : 2015]]>
    </line>
    <line>
      <![CDATA[Page Number :18 , Car Index : 22, Registration Year 2015 is greater than : 2015]]>
    </line>
    <line>
      <![CDATA[Page Number :18 , Car Index : 23, Registration Year 2015 is greater than : 2015]]>
    </line>
    <line>
      <![CDATA[Page Number :1 , Car  2Price - 8.94 is greater than :  car 3price 8.89]]>
    </line>
    <line>
      <![CDATA[Page Number :1 , Car  3Price - 8.89 is greater than :  car 4price 8.89]]>
    </line>
    <line>
      <![CDATA[Page Number :1 , Car  4Price - 8.89 is greater than :  car 5price 8.89]]>
    </line>
    <line>
      <![CDATA[Page Number :1 , Car  5Price - 8.89 is greater than :  car 6price 8.69]]>
    </line>
    <line>
      <![CDATA[Page Number :1 , Car  6Price - 8.69 is greater than :  car 7price 8.49]]>
    </line>
    <line>
      <![CDATA[Page Number :1 , Car  7Price - 8.49 is greater than :  car 8price 8.49]]>
    </line>
    <line>
      <![CDATA[Page Number :1 , Car  8Price - 8.49 is greater than :  car 9price 8.45]]>
    </line>
    <line>
      <![CDATA[Page Number :1 , Car  9Price - 8.45 is greater than :  car 10price 8.405]]>
    </line>
    <line>
      <![CDATA[Page Number :1 , Car  10Price - 8.405 is greater than :  car 11price 8.4]]>
    </line>
    <line>
      <![CDATA[Page Number :1 , Car  11Price - 8.4 is greater than :  car 12price 8.4]]>
    </line>
    <line>
      <![CDATA[Page Number :1 , Car  12Price - 8.4 is greater than :  car 13price 8.4]]>
    </line>
    <line>
      <![CDATA[Page Number :1 , Car  13Price - 8.4 is greater than :  car 14price 8.25]]>
    </line>
    <line>
      <![CDATA[Page Number :1 , Car  14Price - 8.25 is greater than :  car 15price 8.25]]>
    </line>
    <line>
      <![CDATA[Page Number :1 , Car  15Price - 8.25 is greater than :  car 16price 8.19]]>
    </line>
    <line>
      <![CDATA[Page Number :1 , Car  16Price - 8.19 is greater than :  car 17price 8.09]]>
    </line>
    <line>
      <![CDATA[Page Number :1 , Car  17Price - 8.09 is greater than :  car 18price 7.95]]>
    </line>
    <line>
      <![CDATA[Page Number :1 , Car  18Price - 7.95 is greater than :  car 19price 7.88]]>
    </line>
    <line>
      <![CDATA[Page Number :1 , Car  19Price - 7.88 is greater than :  car 20price 7.46]]>
    </line>
    <line>
      <![CDATA[Page Number :1 , Car  20Price - 7.46 is greater than :  car 21price 7.45]]>
    </line>
    <line>
      <![CDATA[Page Number :1 , Car  21Price - 7.45 is greater than :  car 22price 7.39]]>
    </line>
    <line>
      <![CDATA[Page Number :1 , Car  22Price - 7.39 is greater than :  car 23price 6.79]]>
    </line>
    <line>
      <![CDATA[Page Number :1 , Car  23Price - 6.79 is greater than :  car 24price 6.205]]>
    </line>
    <line>
      <![CDATA[Page Number :2 , Car  1Price - 6.205 is less than :  car 2price 31.49]]>
    </line>
    <line>
      <![CDATA[Page Number :2 , Car  2Price - 6.205 is less than :  car 3price 30.89]]>
    </line>
    <line>
      <![CDATA[Page Number :2 , Car  3Price - 6.205 is less than :  car 4price 30.89]]>
    </line>
    <line>
      <![CDATA[Page Number :2 , Car  4Price - 6.205 is less than :  car 5price 30.89]]>
    </line>
    <line>
      <![CDATA[Page Number :2 , Car  5Price - 6.205 is less than :  car 6price 30.65]]>
    </line>
    <line>
      <![CDATA[Page Number :2 , Car  6Price - 6.205 is less than :  car 7price 30.56]]>
    </line>
    <line>
      <![CDATA[Page Number :2 , Car  7Price - 6.205 is less than :  car 8price 30.39]]>
    </line>
    <line>
      <![CDATA[Page Number :2 , Car  8Price - 6.205 is less than :  car 9price 29.9]]>
    </line>
    <line>
      <![CDATA[Page Number :2 , Car  9Price - 6.205 is less than :  car 10price 29.89]]>
    </line>
    <line>
      <![CDATA[Page Number :2 , Car  10Price - 6.205 is less than :  car 11price 29.49]]>
    </line>
    <line>
      <![CDATA[Page Number :2 , Car  11Price - 6.205 is less than :  car 12price 29.49]]>
    </line>
    <line>
      <![CDATA[Page Number :2 , Car  12Price - 6.205 is less than :  car 13price 29.49]]>
    </line>
    <line>
      <![CDATA[Page Number :2 , Car  13Price - 6.205 is less than :  car 14price 29.45]]>
    </line>
    <line>
      <![CDATA[Page Number :2 , Car  14Price - 6.205 is less than :  car 15price 28.99]]>
    </line>
    <line>
      <![CDATA[Page Number :2 , Car  15Price - 6.205 is less than :  car 16price 28.89]]>
    </line>
    <line>
      <![CDATA[Page Number :2 , Car  16Price - 6.205 is less than :  car 17price 28.79]]>
    </line>
    <line>
      <![CDATA[Page Number :2 , Car  17Price - 6.205 is less than :  car 18price 28.69]]>
    </line>
    <line>
      <![CDATA[Page Number :2 , Car  18Price - 6.205 is less than :  car 19price 28.49]]>
    </line>
    <line>
      <![CDATA[Page Number :2 , Car  19Price - 6.205 is less than :  car 20price 28.4]]>
    </line>
    <line>
      <![CDATA[Page Number :2 , Car  20Price - 6.205 is less than :  car 21price 28.39]]>
    </line>
    <line>
      <![CDATA[Page Number :2 , Car  21Price - 6.205 is less than :  car 22price 27.79]]>
    </line>
    <line>
      <![CDATA[Page Number :2 , Car  22Price - 6.205 is less than :  car 23price 27.77]]>
    </line>
    <line>
      <![CDATA[Page Number :2 , Car  23Price - 6.205 is less than :  car 24price 27.69]]>
    </line>
    <line>
      <![CDATA[Page Number :2 , Car  24Price - 6.205 is less than :  car 25price 27.49]]>
    </line>
    <line>
      <![CDATA[Page Number :3 , Car  1Price - 6.205 is less than :  car 2price 27.49]]>
    </line>
    <line>
      <![CDATA[Page Number :3 , Car  2Price - 6.205 is less than :  car 3price 27.49]]>
    </line>
    <line>
      <![CDATA[Page Number :3 , Car  3Price - 6.205 is less than :  car 4price 27.49]]>
    </line>
    <line>
      <![CDATA[Page Number :3 , Car  4Price - 6.205 is less than :  car 5price 26.95]]>
    </line>
    <line>
      <![CDATA[Page Number :3 , Car  5Price - 6.205 is less than :  car 6price 26.89]]>
    </line>
    <line>
      <![CDATA[Page Number :3 , Car  6Price - 6.205 is less than :  car 7price 26.49]]>
    </line>
    <line>
      <![CDATA[Page Number :3 , Car  7Price - 6.205 is less than :  car 8price 26.39]]>
    </line>
    <line>
      <![CDATA[Page Number :3 , Car  8Price - 6.205 is less than :  car 9price 26.39]]>
    </line>
    <line>
      <![CDATA[Page Number :3 , Car  9Price - 6.205 is less than :  car 10price 26.39]]>
    </line>
    <line>
      <![CDATA[Page Number :3 , Car  10Price - 6.205 is less than :  car 11price 25.99]]>
    </line>
    <line>
      <![CDATA[Page Number :3 , Car  11Price - 6.205 is less than :  car 12price 25.99]]>
    </line>
    <line>
      <![CDATA[Page Number :3 , Car  12Price - 6.205 is less than :  car 13price 25.99]]>
    </line>
    <line>
      <![CDATA[Page Number :3 , Car  13Price - 6.205 is less than :  car 14price 25.95]]>
    </line>
    <line>
      <![CDATA[Page Number :3 , Car  14Price - 6.205 is less than :  car 15price 25.9]]>
    </line>
    <line>
      <![CDATA[Page Number :3 , Car  15Price - 6.205 is less than :  car 16price 25.89]]>
    </line>
    <line>
      <![CDATA[Page Number :3 , Car  16Price - 6.205 is less than :  car 17price 25.89]]>
    </line>
    <line>
      <![CDATA[Page Number :3 , Car  17Price - 6.205 is less than :  car 18price 25.75]]>
    </line>
    <line>
      <![CDATA[Page Number :3 , Car  18Price - 6.205 is less than :  car 19price 25.69]]>
    </line>
    <line>
      <![CDATA[Page Number :3 , Car  19Price - 6.205 is less than :  car 20price 25.49]]>
    </line>
    <line>
      <![CDATA[Page Number :3 , Car  20Price - 6.205 is less than :  car 21price 25.49]]>
    </line>
    <line>
      <![CDATA[Page Number :3 , Car  21Price - 6.205 is less than :  car 22price 25.39]]>
    </line>
    <line>
      <![CDATA[Page Number :3 , Car  22Price - 6.205 is less than :  car 23price 25.39]]>
    </line>
    <line>
      <![CDATA[Page Number :3 , Car  23Price - 6.205 is less than :  car 24price 25.09]]>
    </line>
    <line>
      <![CDATA[Page Number :3 , Car  24Price - 6.205 is less than :  car 25price 24.99]]>
    </line>
    <line>
      <![CDATA[Page Number :4 , Car  1Price - 6.205 is less than :  car 2price 24.99]]>
    </line>
    <line>
      <![CDATA[Page Number :4 , Car  2Price - 6.205 is less than :  car 3price 24.99]]>
    </line>
    <line>
      <![CDATA[Page Number :4 , Car  3Price - 6.205 is less than :  car 4price 24.99]]>
    </line>
    <line>
      <![CDATA[Page Number :4 , Car  4Price - 6.205 is less than :  car 5price 24.95]]>
    </line>
    <line>
      <![CDATA[Page Number :4 , Car  5Price - 6.205 is less than :  car 6price 24.75]]>
    </line>
    <line>
      <![CDATA[Page Number :4 , Car  6Price - 6.205 is less than :  car 7price 24.6]]>
    </line>
    <line>
      <![CDATA[Page Number :4 , Car  7Price - 6.205 is less than :  car 8price 24.59]]>
    </line>
    <line>
      <![CDATA[Page Number :4 , Car  8Price - 6.205 is less than :  car 9price 24.49]]>
    </line>
    <line>
      <![CDATA[Page Number :4 , Car  9Price - 6.205 is less than :  car 10price 24.49]]>
    </line>
    <line>
      <![CDATA[Page Number :4 , Car  10Price - 6.205 is less than :  car 11price 24.49]]>
    </line>
    <line>
      <![CDATA[Page Number :4 , Car  11Price - 6.205 is less than :  car 12price 24.49]]>
    </line>
    <line>
      <![CDATA[Page Number :4 , Car  12Price - 6.205 is less than :  car 13price 24.49]]>
    </line>
    <line>
      <![CDATA[Page Number :4 , Car  13Price - 6.205 is less than :  car 14price 24.49]]>
    </line>
    <line>
      <![CDATA[Page Number :4 , Car  14Price - 6.205 is less than :  car 15price 24.48]]>
    </line>
    <line>
      <![CDATA[Page Number :4 , Car  15Price - 6.205 is less than :  car 16price 24.29]]>
    </line>
    <line>
      <![CDATA[Page Number :4 , Car  16Price - 6.205 is less than :  car 17price 24.29]]>
    </line>
    <line>
      <![CDATA[Page Number :4 , Car  17Price - 6.205 is less than :  car 18price 24.2]]>
    </line>
    <line>
      <![CDATA[Page Number :4 , Car  18Price - 6.205 is less than :  car 19price 24.2]]>
    </line>
    <line>
      <![CDATA[Page Number :4 , Car  19Price - 6.205 is less than :  car 20price 24.15]]>
    </line>
    <line>
      <![CDATA[Page Number :4 , Car  20Price - 6.205 is less than :  car 21price 23.99]]>
    </line>
    <line>
      <![CDATA[Page Number :4 , Car  21Price - 6.205 is less than :  car 22price 23.99]]>
    </line>
    <line>
      <![CDATA[Page Number :4 , Car  22Price - 6.205 is less than :  car 23price 23.99]]>
    </line>
    <line>
      <![CDATA[Page Number :4 , Car  23Price - 6.205 is less than :  car 24price 23.95]]>
    </line>
    <line>
      <![CDATA[Page Number :4 , Car  24Price - 6.205 is less than :  car 25price 23.95]]>
    </line>
    <line>
      <![CDATA[Page Number :5 , Car  1Price - 6.205 is less than :  car 2price 23.89]]>
    </line>
    <line>
      <![CDATA[Page Number :5 , Car  2Price - 6.205 is less than :  car 3price 23.89]]>
    </line>
    <line>
      <![CDATA[Page Number :5 , Car  3Price - 6.205 is less than :  car 4price 23.8]]>
    </line>
    <line>
      <![CDATA[Page Number :5 , Car  4Price - 6.205 is less than :  car 5price 23.59]]>
    </line>
    <line>
      <![CDATA[Page Number :5 , Car  5Price - 6.205 is less than :  car 6price 23.59]]>
    </line>
    <line>
      <![CDATA[Page Number :5 , Car  6Price - 6.205 is less than :  car 7price 23.49]]>
    </line>
    <line>
      <![CDATA[Page Number :5 , Car  7Price - 6.205 is less than :  car 8price 23.49]]>
    </line>
    <line>
      <![CDATA[Page Number :5 , Car  8Price - 6.205 is less than :  car 9price 23.49]]>
    </line>
    <line>
      <![CDATA[Page Number :5 , Car  9Price - 6.205 is less than :  car 10price 23.29]]>
    </line>
    <line>
      <![CDATA[Page Number :5 , Car  10Price - 6.205 is less than :  car 11price 23.23]]>
    </line>
    <line>
      <![CDATA[Page Number :5 , Car  11Price - 6.205 is less than :  car 12price 22.99]]>
    </line>
    <line>
      <![CDATA[Page Number :5 , Car  12Price - 6.205 is less than :  car 13price 22.89]]>
    </line>
    <line>
      <![CDATA[Page Number :5 , Car  13Price - 6.205 is less than :  car 14price 22.89]]>
    </line>
    <line>
      <![CDATA[Page Number :5 , Car  14Price - 6.205 is less than :  car 15price 22.79]]>
    </line>
    <line>
      <![CDATA[Page Number :5 , Car  15Price - 6.205 is less than :  car 16price 22.69]]>
    </line>
    <line>
      <![CDATA[Page Number :5 , Car  16Price - 6.205 is less than :  car 17price 22.49]]>
    </line>
    <line>
      <![CDATA[Page Number :5 , Car  17Price - 6.205 is less than :  car 18price 22.49]]>
    </line>
    <line>
      <![CDATA[Page Number :5 , Car  18Price - 6.205 is less than :  car 19price 22.49]]>
    </line>
    <line>
      <![CDATA[Page Number :5 , Car  19Price - 6.205 is less than :  car 20price 22.4]]>
    </line>
    <line>
      <![CDATA[Page Number :5 , Car  20Price - 6.205 is less than :  car 21price 22.29]]>
    </line>
    <line>
      <![CDATA[Page Number :5 , Car  21Price - 6.205 is less than :  car 22price 22.25]]>
    </line>
    <line>
      <![CDATA[Page Number :5 , Car  22Price - 6.205 is less than :  car 23price 22.19]]>
    </line>
    <line>
      <![CDATA[Page Number :5 , Car  23Price - 6.205 is less than :  car 24price 21.99]]>
    </line>
    <line>
      <![CDATA[Page Number :5 , Car  24Price - 6.205 is less than :  car 25price 21.99]]>
    </line>
    <line>
      <![CDATA[Page Number :6 , Car  1Price - 6.205 is less than :  car 2price 21.99]]>
    </line>
    <line>
      <![CDATA[Page Number :6 , Car  2Price - 6.205 is less than :  car 3price 21.99]]>
    </line>
    <line>
      <![CDATA[Page Number :6 , Car  3Price - 6.205 is less than :  car 4price 21.99]]>
    </line>
    <line>
      <![CDATA[Page Number :6 , Car  4Price - 6.205 is less than :  car 5price 21.95]]>
    </line>
    <line>
      <![CDATA[Page Number :6 , Car  5Price - 6.205 is less than :  car 6price 21.89]]>
    </line>
    <line>
      <![CDATA[Page Number :6 , Car  6Price - 6.205 is less than :  car 7price 21.7]]>
    </line>
    <line>
      <![CDATA[Page Number :6 , Car  7Price - 6.205 is less than :  car 8price 21.69]]>
    </line>
    <line>
      <![CDATA[Page Number :6 , Car  8Price - 6.205 is less than :  car 9price 21.59]]>
    </line>
    <line>
      <![CDATA[Page Number :6 , Car  9Price - 6.205 is less than :  car 10price 21.49]]>
    </line>
    <line>
      <![CDATA[Page Number :6 , Car  10Price - 6.205 is less than :  car 11price 21.49]]>
    </line>
    <line>
      <![CDATA[Page Number :6 , Car  11Price - 6.205 is less than :  car 12price 21.49]]>
    </line>
    <line>
      <![CDATA[Page Number :6 , Car  12Price - 6.205 is less than :  car 13price 20.9]]>
    </line>
    <line>
      <![CDATA[Page Number :6 , Car  13Price - 6.205 is less than :  car 14price 20.9]]>
    </line>
    <line>
      <![CDATA[Page Number :6 , Car  14Price - 6.205 is less than :  car 15price 20.89]]>
    </line>
    <line>
      <![CDATA[Page Number :6 , Car  15Price - 6.205 is less than :  car 16price 20.89]]>
    </line>
    <line>
      <![CDATA[Page Number :6 , Car  16Price - 6.205 is less than :  car 17price 20.89]]>
    </line>
    <line>
      <![CDATA[Page Number :6 , Car  17Price - 6.205 is less than :  car 18price 20.89]]>
    </line>
    <line>
      <![CDATA[Page Number :6 , Car  18Price - 6.205 is less than :  car 19price 20.8]]>
    </line>
    <line>
      <![CDATA[Page Number :6 , Car  19Price - 6.205 is less than :  car 20price 20.79]]>
    </line>
    <line>
      <![CDATA[Page Number :6 , Car  20Price - 6.205 is less than :  car 21price 20.79]]>
    </line>
    <line>
      <![CDATA[Page Number :6 , Car  21Price - 6.205 is less than :  car 22price 20.79]]>
    </line>
    <line>
      <![CDATA[Page Number :6 , Car  22Price - 6.205 is less than :  car 23price 20.79]]>
    </line>
    <line>
      <![CDATA[Page Number :6 , Car  23Price - 6.205 is less than :  car 24price 20.49]]>
    </line>
    <line>
      <![CDATA[Page Number :6 , Car  24Price - 6.205 is less than :  car 25price 20.49]]>
    </line>
    <line>
      <![CDATA[Page Number :7 , Car  1Price - 6.205 is less than :  car 2price 20.49]]>
    </line>
    <line>
      <![CDATA[Page Number :7 , Car  2Price - 6.205 is less than :  car 3price 20.49]]>
    </line>
    <line>
      <![CDATA[Page Number :7 , Car  3Price - 6.205 is less than :  car 4price 20.3]]>
    </line>
    <line>
      <![CDATA[Page Number :7 , Car  4Price - 6.205 is less than :  car 5price 20.2]]>
    </line>
    <line>
      <![CDATA[Page Number :7 , Car  5Price - 6.205 is less than :  car 6price 20.09]]>
    </line>
    <line>
      <![CDATA[Page Number :7 , Car  6Price - 6.205 is less than :  car 7price 19.99]]>
    </line>
    <line>
      <![CDATA[Page Number :7 , Car  7Price - 6.205 is less than :  car 8price 19.99]]>
    </line>
    <line>
      <![CDATA[Page Number :7 , Car  8Price - 6.205 is less than :  car 9price 19.99]]>
    </line>
    <line>
      <![CDATA[Page Number :7 , Car  9Price - 6.205 is less than :  car 10price 19.99]]>
    </line>
    <line>
      <![CDATA[Page Number :7 , Car  10Price - 6.205 is less than :  car 11price 19.99]]>
    </line>
    <line>
      <![CDATA[Page Number :7 , Car  11Price - 6.205 is less than :  car 12price 19.99]]>
    </line>
    <line>
      <![CDATA[Page Number :7 , Car  12Price - 6.205 is less than :  car 13price 19.99]]>
    </line>
    <line>
      <![CDATA[Page Number :7 , Car  13Price - 6.205 is less than :  car 14price 19.98]]>
    </line>
    <line>
      <![CDATA[Page Number :7 , Car  14Price - 6.205 is less than :  car 15price 19.98]]>
    </line>
    <line>
      <![CDATA[Page Number :7 , Car  15Price - 6.205 is less than :  car 16price 19.89]]>
    </line>
    <line>
      <![CDATA[Page Number :7 , Car  16Price - 6.205 is less than :  car 17price 19.89]]>
    </line>
    <line>
      <![CDATA[Page Number :7 , Car  17Price - 6.205 is less than :  car 18price 19.89]]>
    </line>
    <line>
      <![CDATA[Page Number :7 , Car  18Price - 6.205 is less than :  car 19price 19.8]]>
    </line>
    <line>
      <![CDATA[Page Number :7 , Car  19Price - 6.205 is less than :  car 20price 19.8]]>
    </line>
    <line>
      <![CDATA[Page Number :7 , Car  20Price - 6.205 is less than :  car 21price 19.79]]>
    </line>
    <line>
      <![CDATA[Page Number :7 , Car  21Price - 6.205 is less than :  car 22price 19.79]]>
    </line>
    <line>
      <![CDATA[Page Number :7 , Car  22Price - 6.205 is less than :  car 23price 19.75]]>
    </line>
    <line>
      <![CDATA[Page Number :7 , Car  23Price - 6.205 is less than :  car 24price 19.7]]>
    </line>
    <line>
      <![CDATA[Page Number :7 , Car  24Price - 6.205 is less than :  car 25price 19.49]]>
    </line>
    <line>
      <![CDATA[Page Number :8 , Car  1Price - 6.205 is less than :  car 2price 19.49]]>
    </line>
    <line>
      <![CDATA[Page Number :8 , Car  2Price - 6.205 is less than :  car 3price 19.49]]>
    </line>
    <line>
      <![CDATA[Page Number :8 , Car  3Price - 6.205 is less than :  car 4price 19.49]]>
    </line>
    <line>
      <![CDATA[Page Number :8 , Car  4Price - 6.205 is less than :  car 5price 19.4]]>
    </line>
    <line>
      <![CDATA[Page Number :8 , Car  5Price - 6.205 is less than :  car 6price 19.29]]>
    </line>
    <line>
      <![CDATA[Page Number :8 , Car  6Price - 6.205 is less than :  car 7price 19.29]]>
    </line>
    <line>
      <![CDATA[Page Number :8 , Car  7Price - 6.205 is less than :  car 8price 19.29]]>
    </line>
    <line>
      <![CDATA[Page Number :8 , Car  8Price - 6.205 is less than :  car 9price 19.19]]>
    </line>
    <line>
      <![CDATA[Page Number :8 , Car  9Price - 6.205 is less than :  car 10price 18.99]]>
    </line>
    <line>
      <![CDATA[Page Number :8 , Car  10Price - 6.205 is less than :  car 11price 18.99]]>
    </line>
    <line>
      <![CDATA[Page Number :8 , Car  11Price - 6.205 is less than :  car 12price 18.95]]>
    </line>
    <line>
      <![CDATA[Page Number :8 , Car  12Price - 6.205 is less than :  car 13price 18.9]]>
    </line>
    <line>
      <![CDATA[Page Number :8 , Car  13Price - 6.205 is less than :  car 14price 18.9]]>
    </line>
    <line>
      <![CDATA[Page Number :8 , Car  14Price - 6.205 is less than :  car 15price 18.79]]>
    </line>
    <line>
      <![CDATA[Page Number :8 , Car  15Price - 6.205 is less than :  car 16price 18.79]]>
    </line>
    <line>
      <![CDATA[Page Number :8 , Car  16Price - 6.205 is less than :  car 17price 18.775]]>
    </line>
    <line>
      <![CDATA[Page Number :8 , Car  17Price - 6.205 is less than :  car 18price 18.69]]>
    </line>
    <line>
      <![CDATA[Page Number :8 , Car  18Price - 6.205 is less than :  car 19price 18.69]]>
    </line>
    <line>
      <![CDATA[Page Number :8 , Car  19Price - 6.205 is less than :  car 20price 18.605]]>
    </line>
    <line>
      <![CDATA[Page Number :8 , Car  20Price - 6.205 is less than :  car 21price 18.59]]>
    </line>
    <line>
      <![CDATA[Page Number :8 , Car  21Price - 6.205 is less than :  car 22price 18.49]]>
    </line>
    <line>
      <![CDATA[Page Number :8 , Car  22Price - 6.205 is less than :  car 23price 18.49]]>
    </line>
    <line>
      <![CDATA[Page Number :8 , Car  23Price - 6.205 is less than :  car 24price 18.49]]>
    </line>
    <line>
      <![CDATA[Page Number :8 , Car  24Price - 6.205 is less than :  car 25price 18.49]]>
    </line>
    <line>
      <![CDATA[Page Number :9 , Car  1Price - 6.205 is less than :  car 2price 18.49]]>
    </line>
    <line>
      <![CDATA[Page Number :9 , Car  2Price - 6.205 is less than :  car 3price 18.49]]>
    </line>
    <line>
      <![CDATA[Page Number :9 , Car  3Price - 6.205 is less than :  car 4price 18.49]]>
    </line>
    <line>
      <![CDATA[Page Number :9 , Car  4Price - 6.205 is less than :  car 5price 18.4]]>
    </line>
    <line>
      <![CDATA[Page Number :9 , Car  5Price - 6.205 is less than :  car 6price 18.4]]>
    </line>
    <line>
      <![CDATA[Page Number :9 , Car  6Price - 6.205 is less than :  car 7price 18.39]]>
    </line>
    <line>
      <![CDATA[Page Number :9 , Car  7Price - 6.205 is less than :  car 8price 18.29]]>
    </line>
    <line>
      <![CDATA[Page Number :9 , Car  8Price - 6.205 is less than :  car 9price 18.29]]>
    </line>
    <line>
      <![CDATA[Page Number :9 , Car  9Price - 6.205 is less than :  car 10price 18.15]]>
    </line>
    <line>
      <![CDATA[Page Number :9 , Car  10Price - 6.205 is less than :  car 11price 18.15]]>
    </line>
    <line>
      <![CDATA[Page Number :9 , Car  11Price - 6.205 is less than :  car 12price 17.99]]>
    </line>
    <line>
      <![CDATA[Page Number :9 , Car  12Price - 6.205 is less than :  car 13price 17.95]]>
    </line>
    <line>
      <![CDATA[Page Number :9 , Car  13Price - 6.205 is less than :  car 14price 17.95]]>
    </line>
    <line>
      <![CDATA[Page Number :9 , Car  14Price - 6.205 is less than :  car 15price 17.9]]>
    </line>
    <line>
      <![CDATA[Page Number :9 , Car  15Price - 6.205 is less than :  car 16price 17.88]]>
    </line>
    <line>
      <![CDATA[Page Number :9 , Car  16Price - 6.205 is less than :  car 17price 17.85]]>
    </line>
    <line>
      <![CDATA[Page Number :9 , Car  17Price - 6.205 is less than :  car 18price 17.8]]>
    </line>
    <line>
      <![CDATA[Page Number :9 , Car  18Price - 6.205 is less than :  car 19price 17.8]]>
    </line>
    <line>
      <![CDATA[Page Number :9 , Car  19Price - 6.205 is less than :  car 20price 17.8]]>
    </line>
    <line>
      <![CDATA[Page Number :9 , Car  20Price - 6.205 is less than :  car 21price 17.79]]>
    </line>
    <line>
      <![CDATA[Page Number :9 , Car  21Price - 6.205 is less than :  car 22price 17.6]]>
    </line>
    <line>
      <![CDATA[Page Number :9 , Car  22Price - 6.205 is less than :  car 23price 17.59]]>
    </line>
    <line>
      <![CDATA[Page Number :9 , Car  23Price - 6.205 is less than :  car 24price 17.491]]>
    </line>
    <line>
      <![CDATA[Page Number :9 , Car  24Price - 6.205 is less than :  car 25price 17.49]]>
    </line>
    <line>
      <![CDATA[Page Number :10 , Car  1Price - 6.205 is less than :  car 2price 17.49]]>
    </line>
    <line>
      <![CDATA[Page Number :10 , Car  2Price - 6.205 is less than :  car 3price 17.49]]>
    </line>
    <line>
      <![CDATA[Page Number :10 , Car  3Price - 6.205 is less than :  car 4price 17.49]]>
    </line>
    <line>
      <![CDATA[Page Number :10 , Car  4Price - 6.205 is less than :  car 5price 17.49]]>
    </line>
    <line>
      <![CDATA[Page Number :10 , Car  5Price - 6.205 is less than :  car 6price 17.49]]>
    </line>
    <line>
      <![CDATA[Page Number :10 , Car  6Price - 6.205 is less than :  car 7price 17.49]]>
    </line>
    <line>
      <![CDATA[Page Number :10 , Car  7Price - 6.205 is less than :  car 8price 17.45]]>
    </line>
    <line>
      <![CDATA[Page Number :10 , Car  8Price - 6.205 is less than :  car 9price 17.4]]>
    </line>
    <line>
      <![CDATA[Page Number :10 , Car  9Price - 6.205 is less than :  car 10price 17.39]]>
    </line>
    <line>
      <![CDATA[Page Number :10 , Car  10Price - 6.205 is less than :  car 11price 17.35]]>
    </line>
    <line>
      <![CDATA[Page Number :10 , Car  11Price - 6.205 is less than :  car 12price 17.35]]>
    </line>
    <line>
      <![CDATA[Page Number :10 , Car  12Price - 6.205 is less than :  car 13price 17.3]]>
    </line>
    <line>
      <![CDATA[Page Number :10 , Car  13Price - 6.205 is less than :  car 14price 17.29]]>
    </line>
    <line>
      <![CDATA[Page Number :10 , Car  14Price - 6.205 is less than :  car 15price 17.25]]>
    </line>
    <line>
      <![CDATA[Page Number :10 , Car  15Price - 6.205 is less than :  car 16price 17.2]]>
    </line>
    <line>
      <![CDATA[Page Number :10 , Car  16Price - 6.205 is less than :  car 17price 17.19]]>
    </line>
    <line>
      <![CDATA[Page Number :10 , Car  17Price - 6.205 is less than :  car 18price 16.99]]>
    </line>
    <line>
      <![CDATA[Page Number :10 , Car  18Price - 6.205 is less than :  car 19price 16.99]]>
    </line>
    <line>
      <![CDATA[Page Number :10 , Car  19Price - 6.205 is less than :  car 20price 16.99]]>
    </line>
    <line>
      <![CDATA[Page Number :10 , Car  20Price - 6.205 is less than :  car 21price 16.9]]>
    </line>
    <line>
      <![CDATA[Page Number :10 , Car  21Price - 6.205 is less than :  car 22price 16.89]]>
    </line>
    <line>
      <![CDATA[Page Number :10 , Car  22Price - 6.205 is less than :  car 23price 16.89]]>
    </line>
    <line>
      <![CDATA[Page Number :10 , Car  23Price - 6.205 is less than :  car 24price 16.89]]>
    </line>
    <line>
      <![CDATA[Page Number :10 , Car  24Price - 6.205 is less than :  car 25price 16.85]]>
    </line>
    <line>
      <![CDATA[Page Number :11 , Car  1Price - 6.205 is less than :  car 2price 16.8]]>
    </line>
    <line>
      <![CDATA[Page Number :11 , Car  2Price - 6.205 is less than :  car 3price 16.79]]>
    </line>
    <line>
      <![CDATA[Page Number :11 , Car  3Price - 6.205 is less than :  car 4price 16.79]]>
    </line>
    <line>
      <![CDATA[Page Number :11 , Car  4Price - 6.205 is less than :  car 5price 16.68]]>
    </line>
    <line>
      <![CDATA[Page Number :11 , Car  5Price - 6.205 is less than :  car 6price 16.65]]>
    </line>
    <line>
      <![CDATA[Page Number :11 , Car  6Price - 6.205 is less than :  car 7price 16.49]]>
    </line>
    <line>
      <![CDATA[Page Number :11 , Car  7Price - 6.205 is less than :  car 8price 16.49]]>
    </line>
    <line>
      <![CDATA[Page Number :11 , Car  8Price - 6.205 is less than :  car 9price 16.45]]>
    </line>
    <line>
      <![CDATA[Page Number :11 , Car  9Price - 6.205 is less than :  car 10price 16.39]]>
    </line>
    <line>
      <![CDATA[Page Number :11 , Car  10Price - 6.205 is less than :  car 11price 16.39]]>
    </line>
    <line>
      <![CDATA[Page Number :11 , Car  11Price - 6.205 is less than :  car 12price 16.29]]>
    </line>
    <line>
      <![CDATA[Page Number :11 , Car  12Price - 6.205 is less than :  car 13price 16.29]]>
    </line>
    <line>
      <![CDATA[Page Number :11 , Car  13Price - 6.205 is less than :  car 14price 16.29]]>
    </line>
    <line>
      <![CDATA[Page Number :11 , Car  14Price - 6.205 is less than :  car 15price 16.25]]>
    </line>
    <line>
      <![CDATA[Page Number :11 , Car  15Price - 6.205 is less than :  car 16price 16.199]]>
    </line>
    <line>
      <![CDATA[Page Number :11 , Car  16Price - 6.205 is less than :  car 17price 16.1]]>
    </line>
    <line>
      <![CDATA[Page Number :11 , Car  17Price - 6.205 is less than :  car 18price 15.99]]>
    </line>
    <line>
      <![CDATA[Page Number :11 , Car  18Price - 6.205 is less than :  car 19price 15.9]]>
    </line>
    <line>
      <![CDATA[Page Number :11 , Car  19Price - 6.205 is less than :  car 20price 15.79]]>
    </line>
    <line>
      <![CDATA[Page Number :11 , Car  20Price - 6.205 is less than :  car 21price 15.79]]>
    </line>
    <line>
      <![CDATA[Page Number :11 , Car  21Price - 6.205 is less than :  car 22price 15.79]]>
    </line>
    <line>
      <![CDATA[Page Number :11 , Car  22Price - 6.205 is less than :  car 23price 15.77]]>
    </line>
    <line>
      <![CDATA[Page Number :11 , Car  23Price - 6.205 is less than :  car 24price 15.69]]>
    </line>
    <line>
      <![CDATA[Page Number :11 , Car  24Price - 6.205 is less than :  car 25price 15.69]]>
    </line>
    <line>
      <![CDATA[Page Number :12 , Car  1Price - 6.205 is less than :  car 2price 15.66]]>
    </line>
    <line>
      <![CDATA[Page Number :12 , Car  2Price - 6.205 is less than :  car 3price 15.59]]>
    </line>
    <line>
      <![CDATA[Page Number :12 , Car  3Price - 6.205 is less than :  car 4price 15.56]]>
    </line>
    <line>
      <![CDATA[Page Number :12 , Car  4Price - 6.205 is less than :  car 5price 15.55]]>
    </line>
    <line>
      <![CDATA[Page Number :12 , Car  5Price - 6.205 is less than :  car 6price 15.49]]>
    </line>
    <line>
      <![CDATA[Page Number :12 , Car  6Price - 6.205 is less than :  car 7price 15.49]]>
    </line>
    <line>
[...]
            </line>
            <line>
              <![CDATA[Page Number :13 , Car  5Price - 6.205 is less than :  car 6price 14.79]]>
            </line>
            <line>
              <![CDATA[Page Number :13 , Car  6Price - 6.205 is less than :  car 7price 14.79]]>
            </line>
            <line>
              <![CDATA[Page Number :13 , Car  7Price - 6.205 is less than :  car 8price 14.59]]>
            </line>
            <line>
              <![CDATA[Page Number :13 , Car  8Price - 6.205 is less than :  car 9price 14.49]]>
            </line>
            <line>
              <![CDATA[Page Number :13 , Car  9Price - 6.205 is less than :  car 10price 14.49]]>
            </line>
            <line>
              <![CDATA[Page Number :13 , Car  10Price - 6.205 is less than :  car 11price 14.49]]>
            </line>
            <line>
              <![CDATA[Page Number :13 , Car  11Price - 6.205 is less than :  car 12price 14.49]]>
            </line>
            <line>
              <![CDATA[Page Number :13 , Car  12Price - 6.205 is less than :  car 13price 14.3]]>
            </line>
            <line>
              <![CDATA[Page Number :13 , Car  13Price - 6.205 is less than :  car 14price 14.29]]>
            </line>
            <line>
              <![CDATA[Page Number :13 , Car  14Price - 6.205 is less than :  car 15price 14.2]]>
            </line>
            <line>
              <![CDATA[Page Number :13 , Car  15Price - 6.205 is less than :  car 16price 14.19]]>
            </line>
            <line>
              <![CDATA[Page Number :13 , Car  16Price - 6.205 is less than :  car 17price 13.99]]>
            </line>
            <line>
              <![CDATA[Page Number :13 , Car  17Price - 6.205 is less than :  car 18price 13.99]]>
            </line>
            <line>
              <![CDATA[Page Number :13 , Car  18Price - 6.205 is less than :  car 19price 13.99]]>
            </line>
            <line>
              <![CDATA[Page Number :13 , Car  19Price - 6.205 is less than :  car 20price 13.95]]>
            </line>
            <line>
              <![CDATA[Page Number :13 , Car  20Price - 6.205 is less than :  car 21price 13.95]]>
            </line>
            <line>
              <![CDATA[Page Number :13 , Car  21Price - 6.205 is less than :  car 22price 13.9]]>
            </line>
            <line>
              <![CDATA[Page Number :13 , Car  22Price - 6.205 is less than :  car 23price 13.89]]>
            </line>
            <line>
              <![CDATA[Page Number :13 , Car  23Price - 6.205 is less than :  car 24price 13.89]]>
            </line>
            <line>
              <![CDATA[Page Number :13 , Car  24Price - 6.205 is less than :  car 25price 13.805]]>
            </line>
            <line>
              <![CDATA[Page Number :14 , Car  1Price - 6.205 is less than :  car 2price 13.8]]>
            </line>
            <line>
              <![CDATA[Page Number :14 , Car  2Price - 6.205 is less than :  car 3price 13.69]]>
            </line>
            <line>
              <![CDATA[Page Number :14 , Car  3Price - 6.205 is less than :  car 4price 13.69]]>
            </line>
            <line>
              <![CDATA[Page Number :14 , Car  4Price - 6.205 is less than :  car 5price 13.69]]>
            </line>
            <line>
              <![CDATA[Page Number :14 , Car  5Price - 6.205 is less than :  car 6price 13.6]]>
            </line>
            <line>
              <![CDATA[Page Number :14 , Car  6Price - 6.205 is less than :  car 7price 13.5]]>
            </line>
            <line>
              <![CDATA[Page Number :14 , Car  7Price - 6.205 is less than :  car 8price 13.49]]>
            </line>
            <line>
              <![CDATA[Page Number :14 , Car  8Price - 6.205 is less than :  car 9price 13.49]]>
            </line>
            <line>
              <![CDATA[Page Number :14 , Car  9Price - 6.205 is less than :  car 10price 13.49]]>
            </line>
            <line>
              <![CDATA[Page Number :14 , Car  10Price - 6.205 is less than :  car 11price 13.49]]>
            </line>
            <line>
              <![CDATA[Page Number :14 , Car  11Price - 6.205 is less than :  car 12price 13.49]]>
            </line>
            <line>
              <![CDATA[Page Number :14 , Car  12Price - 6.205 is less than :  car 13price 13.49]]>
            </line>
            <line>
              <![CDATA[Page Number :14 , Car  13Price - 6.205 is less than :  car 14price 13.4]]>
            </line>
            <line>
              <![CDATA[Page Number :14 , Car  14Price - 6.205 is less than :  car 15price 13.39]]>
            </line>
            <line>
              <![CDATA[Page Number :14 , Car  15Price - 6.205 is less than :  car 16price 13.29]]>
            </line>
            <line>
              <![CDATA[Page Number :14 , Car  16Price - 6.205 is less than :  car 17price 13.205]]>
            </line>
            <line>
              <![CDATA[Page Number :14 , Car  17Price - 6.205 is less than :  car 18price 13.2]]>
            </line>
            <line>
              <![CDATA[Page Number :14 , Car  18Price - 6.205 is less than :  car 19price 13.2]]>
            </line>
            <line>
              <![CDATA[Page Number :14 , Car  19Price - 6.205 is less than :  car 20price 12.99]]>
            </line>
            <line>
              <![CDATA[Page Number :14 , Car  20Price - 6.205 is less than :  car 21price 12.95]]>
            </line>
            <line>
              <![CDATA[Page Number :14 , Car  21Price - 6.205 is less than :  car 22price 12.95]]>
            </line>
            <line>
              <![CDATA[Page Number :14 , Car  22Price - 6.205 is less than :  car 23price 12.95]]>
            </line>
            <line>
              <![CDATA[Page Number :14 , Car  23Price - 6.205 is less than :  car 24price 12.891]]>
            </line>
            <line>
              <![CDATA[Page Number :14 , Car  24Price - 6.205 is less than :  car 25price 12.89]]>
            </line>
            <line>
              <![CDATA[Page Number :15 , Car  1Price - 6.205 is less than :  car 2price 12.88]]>
            </line>
            <line>
              <![CDATA[Page Number :15 , Car  2Price - 6.205 is less than :  car 3price 12.8]]>
            </line>
            <line>
              <![CDATA[Page Number :15 , Car  3Price - 6.205 is less than :  car 4price 12.79]]>
            </line>
            <line>
              <![CDATA[Page Number :15 , Car  4Price - 6.205 is less than :  car 5price 12.79]]>
            </line>
            <line>
              <![CDATA[Page Number :15 , Car  5Price - 6.205 is less than :  car 6price 12.79]]>
            </line>
            <line>
              <![CDATA[Page Number :15 , Car  6Price - 6.205 is less than :  car 7price 12.69]]>
            </line>
            <line>
              <![CDATA[Page Number :15 , Car  7Price - 6.205 is less than :  car 8price 12.675]]>
            </line>
            <line>
              <![CDATA[Page Number :15 , Car  8Price - 6.205 is less than :  car 9price 12.49]]>
            </line>
            <line>
              <![CDATA[Page Number :15 , Car  9Price - 6.205 is less than :  car 10price 12.39]]>
            </line>
            <line>
              <![CDATA[Page Number :15 , Car  10Price - 6.205 is less than :  car 11price 12.29]]>
            </line>
            <line>
              <![CDATA[Page Number :15 , Car  11Price - 6.205 is less than :  car 12price 12.29]]>
            </line>
            <line>
              <![CDATA[Page Number :15 , Car  12Price - 6.205 is less than :  car 13price 12.29]]>
            </line>
            <line>
              <![CDATA[Page Number :15 , Car  13Price - 6.205 is less than :  car 14price 12.29]]>
            </line>
            <line>
              <![CDATA[Page Number :15 , Car  14Price - 6.205 is less than :  car 15price 11.995]]>
            </line>
            <line>
              <![CDATA[Page Number :15 , Car  15Price - 6.205 is less than :  car 16price 11.99]]>
            </line>
            <line>
              <![CDATA[Page Number :15 , Car  16Price - 6.205 is less than :  car 17price 11.9]]>
            </line>
            <line>
              <![CDATA[Page Number :15 , Car  17Price - 6.205 is less than :  car 18price 11.89]]>
            </line>
            <line>
              <![CDATA[Page Number :15 , Car  18Price - 6.205 is less than :  car 19price 11.89]]>
            </line>
            <line>
              <![CDATA[Page Number :15 , Car  19Price - 6.205 is less than :  car 20price 11.85]]>
            </line>
            <line>
              <![CDATA[Page Number :15 , Car  20Price - 6.205 is less than :  car 21price 11.79]]>
            </line>
            <line>
              <![CDATA[Page Number :15 , Car  21Price - 6.205 is less than :  car 22price 11.69]]>
            </line>
            <line>
              <![CDATA[Page Number :15 , Car  22Price - 6.205 is less than :  car 23price 11.49]]>
            </line>
            <line>
              <![CDATA[Page Number :15 , Car  23Price - 6.205 is less than :  car 24price 11.49]]>
            </line>
            <line>
              <![CDATA[Page Number :15 , Car  24Price - 6.205 is less than :  car 25price 11.49]]>
            </line>
            <line>
              <![CDATA[Page Number :16 , Car  1Price - 6.205 is less than :  car 2price 11.45]]>
            </line>
            <line>
              <![CDATA[Page Number :16 , Car  2Price - 6.205 is less than :  car 3price 11.45]]>
            </line>
            <line>
              <![CDATA[Page Number :16 , Car  3Price - 6.205 is less than :  car 4price 11.39]]>
            </line>
            <line>
              <![CDATA[Page Number :16 , Car  4Price - 6.205 is less than :  car 5price 11.35]]>
            </line>
            <line>
              <![CDATA[Page Number :16 , Car  5Price - 6.205 is less than :  car 6price 11.293]]>
            </line>
            <line>
              <![CDATA[Page Number :16 , Car  6Price - 6.205 is less than :  car 7price 11.2]]>
            </line>
            <line>
              <![CDATA[Page Number :16 , Car  7Price - 6.205 is less than :  car 8price 11.2]]>
            </line>
            <line>
              <![CDATA[Page Number :16 , Car  8Price - 6.205 is less than :  car 9price 11.2]]>
            </line>
            <line>
              <![CDATA[Page Number :16 , Car  9Price - 6.205 is less than :  car 10price 11.09]]>
            </line>
            <line>
              <![CDATA[Page Number :16 , Car  10Price - 6.205 is less than :  car 11price 10.98]]>
            </line>
            <line>
              <![CDATA[Page Number :16 , Car  11Price - 6.205 is less than :  car 12price 10.95]]>
            </line>
            <line>
              <![CDATA[Page Number :16 , Car  12Price - 6.205 is less than :  car 13price 10.95]]>
            </line>
            <line>
              <![CDATA[Page Number :16 , Car  13Price - 6.205 is less than :  car 14price 10.95]]>
            </line>
            <line>
              <![CDATA[Page Number :16 , Car  14Price - 6.205 is less than :  car 15price 10.89]]>
            </line>
            <line>
              <![CDATA[Page Number :16 , Car  15Price - 6.205 is less than :  car 16price 10.8]]>
            </line>
            <line>
              <![CDATA[Page Number :16 , Car  16Price - 6.205 is less than :  car 17price 10.79]]>
            </line>
            <line>
              <![CDATA[Page Number :16 , Car  17Price - 6.205 is less than :  car 18price 10.79]]>
            </line>
            <line>
              <![CDATA[Page Number :16 , Car  18Price - 6.205 is less than :  car 19price 10.75]]>
            </line>
            <line>
              <![CDATA[Page Number :16 , Car  19Price - 6.205 is less than :  car 20price 10.6]]>
            </line>
            <line>
              <![CDATA[Page Number :16 , Car  20Price - 6.205 is less than :  car 21price 10.49]]>
            </line>
            <line>
              <![CDATA[Page Number :16 , Car  21Price - 6.205 is less than :  car 22price 10.49]]>
            </line>
            <line>
              <![CDATA[Page Number :16 , Car  22Price - 6.205 is less than :  car 23price 10.49]]>
            </line>
            <line>
              <![CDATA[Page Number :16 , Car  23Price - 6.205 is less than :  car 24price 10.39]]>
            </line>
            <line>
              <![CDATA[Page Number :16 , Car  24Price - 6.205 is less than :  car 25price 10.39]]>
            </line>
            <line>
              <![CDATA[Page Number :17 , Car  1Price - 6.205 is less than :  car 2price 10.39]]>
            </line>
            <line>
              <![CDATA[Page Number :17 , Car  2Price - 6.205 is less than :  car 3price 9.99]]>
            </line>
            <line>
              <![CDATA[Page Number :17 , Car  3Price - 6.205 is less than :  car 4price 9.99]]>
            </line>
            <line>
              <![CDATA[Page Number :17 , Car  4Price - 6.205 is less than :  car 5price 9.95]]>
            </line>
            <line>
              <![CDATA[Page Number :17 , Car  5Price - 6.205 is less than :  car 6price 9.9]]>
            </line>
            <line>
              <![CDATA[Page Number :17 , Car  6Price - 6.205 is less than :  car 7price 9.85]]>
            </line>
            <line>
              <![CDATA[Page Number :17 , Car  7Price - 6.205 is less than :  car 8price 9.8]]>
            </line>
            <line>
              <![CDATA[Page Number :17 , Car  8Price - 6.205 is less than :  car 9price 9.8]]>
            </line>
            <line>
              <![CDATA[Page Number :17 , Car  9Price - 6.205 is less than :  car 10price 9.79]]>
            </line>
            <line>
              <![CDATA[Page Number :17 , Car  10Price - 6.205 is less than :  car 11price 9.79]]>
            </line>
            <line>
              <![CDATA[Page Number :17 , Car  11Price - 6.205 is less than :  car 12price 9.79]]>
            </line>
            <line>
              <![CDATA[Page Number :17 , Car  12Price - 6.205 is less than :  car 13price 9.7]]>
            </line>
            <line>
              <![CDATA[Page Number :17 , Car  13Price - 6.205 is less than :  car 14price 9.69]]>
            </line>
            <line>
              <![CDATA[Page Number :17 , Car  14Price - 6.205 is less than :  car 15price 9.49]]>
            </line>
            <line>
              <![CDATA[Page Number :17 , Car  15Price - 6.205 is less than :  car 16price 9.45]]>
            </line>
            <line>
              <![CDATA[Page Number :17 , Car  16Price - 6.205 is less than :  car 17price 9.4]]>
            </line>
            <line>
              <![CDATA[Page Number :17 , Car  17Price - 6.205 is less than :  car 18price 9.375]]>
            </line>
            <line>
              <![CDATA[Page Number :17 , Car  18Price - 6.205 is less than :  car 19price 9.29]]>
            </line>
            <line>
              <![CDATA[Page Number :17 , Car  19Price - 6.205 is less than :  car 20price 9.28]]>
            </line>
            <line>
              <![CDATA[Page Number :17 , Car  20Price - 6.205 is less than :  car 21price 9.2]]>
            </line>
            <line>
              <![CDATA[Page Number :17 , Car  21Price - 6.205 is less than :  car 22price 8.99]]>
            </line>
            <line>
              <![CDATA[Page Number :17 , Car  22Price - 6.205 is less than :  car 23price 8.99]]>
            </line>
            <line>
              <![CDATA[Page Number :17 , Car  23Price - 6.205 is less than :  car 24price 8.99]]>
            </line>
            <line>
              <![CDATA[Page Number :17 , Car  24Price - 6.205 is less than :  car 25price 8.95]]>
            </line>
            <line>
              <![CDATA[Page Number :18 , Car  1Price - 6.205 is less than :  car 2price 8.94]]>
            </line>
            <line>
              <![CDATA[Page Number :18 , Car  2Price - 6.205 is less than :  car 3price 8.89]]>
            </line>
            <line>
              <![CDATA[Page Number :18 , Car  3Price - 6.205 is less than :  car 4price 8.89]]>
            </line>
            <line>
              <![CDATA[Page Number :18 , Car  4Price - 6.205 is less than :  car 5price 8.89]]>
            </line>
            <line>
              <![CDATA[Page Number :18 , Car  5Price - 6.205 is less than :  car 6price 8.69]]>
            </line>
            <line>
              <![CDATA[Page Number :18 , Car  6Price - 6.205 is less than :  car 7price 8.49]]>
            </line>
            <line>
              <![CDATA[Page Number :18 , Car  7Price - 6.205 is less than :  car 8price 8.49]]>
            </line>
            <line>
              <![CDATA[Page Number :18 , Car  8Price - 6.205 is less than :  car 9price 8.45]]>
            </line>
            <line>
              <![CDATA[Page Number :18 , Car  9Price - 6.205 is less than :  car 10price 8.405]]>
            </line>
            <line>
              <![CDATA[Page Number :18 , Car  10Price - 6.205 is less than :  car 11price 8.4]]>
            </line>
            <line>
              <![CDATA[Page Number :18 , Car  11Price - 6.205 is less than :  car 12price 8.4]]>
            </line>
            <line>
              <![CDATA[Page Number :18 , Car  12Price - 6.205 is less than :  car 13price 8.4]]>
            </line>
            <line>
              <![CDATA[Page Number :18 , Car  13Price - 6.205 is less than :  car 14price 8.25]]>
            </line>
            <line>
              <![CDATA[Page Number :18 , Car  14Price - 6.205 is less than :  car 15price 8.25]]>
            </line>
            <line>
              <![CDATA[Page Number :18 , Car  15Price - 6.205 is less than :  car 16price 8.19]]>
            </line>
            <line>
              <![CDATA[Page Number :18 , Car  16Price - 6.205 is less than :  car 17price 8.09]]>
            </line>
            <line>
              <![CDATA[Page Number :18 , Car  17Price - 6.205 is less than :  car 18price 7.95]]>
            </line>
            <line>
              <![CDATA[Page Number :18 , Car  18Price - 6.205 is less than :  car 19price 7.88]]>
            </line>
            <line>
              <![CDATA[Page Number :18 , Car  19Price - 6.205 is less than :  car 20price 7.46]]>
            </line>
            <line>
              <![CDATA[Page Number :18 , Car  20Price - 6.205 is less than :  car 21price 7.45]]>
            </line>
            <line>
              <![CDATA[Page Number :18 , Car  21Price - 6.205 is less than :  car 22price 7.39]]>
            </line>
            <line>
              <![CDATA[Page Number :18 , Car  22Price - 6.205 is less than :  car 23price 6.79]]>
            </line>
            <line>
              <![CDATA[Page Number :18 , Car  23Price - 6.205 is greater than :  car 24price 6.205]]>
            </line>
          </reporter-output>
        </test-method> <!-- testVerifyOPriceOrder -->
        <test-method status="PASS" signature="aftertest()[pri:0, instance:autoHero.testCases.SearchTest@8646db9]" name="aftertest" is-config="true" duration-ms="1667" started-at="2018-11-12T16:44:43Z" finished-at="2018-11-12T16:44:45Z">
          <reporter-output>
          </reporter-output>
        </test-method> <!-- aftertest -->
        <test-method status="PASS" signature="aftersuite()[pri:0, instance:autoHero.testCases.SearchTest@8646db9]" name="aftersuite" is-config="true" duration-ms="95" started-at="2018-11-12T16:44:45Z" finished-at="2018-11-12T16:44:45Z">
          <reporter-output>
          </reporter-output>
        </test-method> <!-- aftersuite -->
      </class> <!-- autoHero.testCases.SearchTest -->
    </test> <!-- Default test -->
  </suite> <!-- Default suite -->
</testng-results>
